#
# A fatal error has been detected by the Java Runtime Environment:
#
#  SIGBUS (0xa) at pc=0x0000000115d6103a, pid=41552, tid=0x000000000000f803
#
# JRE version: Java(TM) SE Runtime Environment (8.0_191-b12) (build 1.8.0_191-b12)
# Java VM: Java HotSpot(TM) 64-Bit Server VM (25.191-b12 mixed mode bsd-amd64 compressed oops)
# Problematic frame:
# C  [sqlite-3.23.1-5becca84-1e41-43a6-aef6-f32d5df61323-libsqlitejdbc.jnilib+0x9703a]  Java_org_sqlite_core_NativeDB_clear_1progress_1handler+0x9156a
#
# Failed to write core dump. Core dumps have been disabled. To enable core dumping, try "ulimit -c unlimited" before starting Java again
#
# If you would like to submit a bug report, please visit:
#   http://bugreport.java.com/bugreport/crash.jsp
# The crash happened outside the Java Virtual Machine in native code.
# See problematic frame for where to report the bug.
#

---------------  T H R E A D  ---------------

Current thread (0x00007f7f5360b800):  JavaThread "pool-68-thread-1" daemon [_thread_in_native, id=63491, stack(0x000070000aa34000,0x000070000ab34000)]

siginfo: si_signo: 10 (SIGBUS), si_code: 2 (BUS_ADRERR), si_addr: 0x000000011533e028

Registers:
RAX=0x00007f7f4cdc0db0, RBX=0x000000011533e000, RCX=0x000000011533e000, RDX=0x0000000000000000
RSP=0x000070000ab30a80, RBP=0x000070000ab30b00, RSI=0x000070000ab30cc4, RDI=0x00007f7f4cdc0ea0
R8 =0x000000000000009a, R9 =0x0000000000000001, R10=0x0000000000000001, R11=0x0000000000000001
R12=0x00007f7f4cdc0ea0, R13=0x0000000000000000, R14=0x000070000ab30cc4, R15=0x00007f7f4cdc0ea0
RIP=0x0000000115d6103a, EFLAGS=0x0000000000010202, ERR=0x0000000000000004
  TRAPNO=0x000000000000000e

Top of Stack: (sp=0x000070000ab30a80)
0x000070000ab30a80:   0000000000000001 00007f7f541d6d78
0x000070000ab30a90:   0000000000000000 00007f7f4cdc0ea0
0x000070000ab30aa0:   00007f7f4cdc0ea0 0000000000000000
0x000070000ab30ab0:   000070000ab30b68 0000000000000000
0x000070000ab30ac0:   000070000ab30b00 0000000115cf77e2
0x000070000ab30ad0:   0000000000000000 0000000000000001
0x000070000ab30ae0:   00007f7f4cdc0ea0 0000000000000001
0x000070000ab30af0:   00007fff8db00070 000070000ab30cc4
0x000070000ab30b00:   000070000ab30bd0 0000000115d60473
0x000070000ab30b10:   00007f7f541b8200 0000000106f84a00
0x000070000ab30b20:   00000000000000ab 000000000000000f
0x000070000ab30b30:   000070000ab30b70 00007fff5aed64a4
0x000070000ab30b40:   0000000000000000 0000000000000011
0x000070000ab30b50:   0000000106f7a080 0000000106f7ca00
0x000070000ab30b60:   0000000106f7ca00 000000011533e000
0x000070000ab30b70:   000070000ab30c20 00007fff5aed5d71
0x000070000ab30b80:   fd00000070001000 fd00000070001000
0x000070000ab30b90:   000000300000ffff 000070000ab30bc0
0x000070000ab30ba0:   33c6f92d2be500b9 0000000000000000
0x000070000ab30bb0:   00007f7f4cdc0ea0 0000000000000000
0x000070000ab30bc0:   000070000ab30cc4 00007f7f541d6c00
0x000070000ab30bd0:   000070000ab30c70 0000000115d63d5b
0x000070000ab30be0:   00000000000154a0 0000000000000011
0x000070000ab30bf0:   0000000000000000 00007f7f541d6c00
0x000070000ab30c00:   0000000000000110 0000000115e3e420
0x000070000ab30c10:   0000000000000000 0000000106f79000
0x000070000ab30c20:   000070000ab30c50 00007fff5aed5bac
0x000070000ab30c30:   00007f7f541d6c00 00007f7f541d6e78
0x000070000ab30c40:   33c6f92d2be500b9 0000000000000001
0x000070000ab30c50:   000070000ab30cc4 0000000000000000
0x000070000ab30c60:   00007f7f4cdc0ea0 00007f7f541d6c00
0x000070000ab30c70:   000070000ab30d10 0000000115e0998f 

Instructions: (pc=0x0000000115d6103a)
0x0000000115d6101a:   66 0f 1f 44 00 00 55 48 89 e5 41 57 41 56 53 48
0x0000000115d6102a:   83 ec 68 49 89 f6 49 89 ff 49 8b 47 30 48 8b 18
0x0000000115d6103a:   48 8b 43 28 48 89 45 e0 48 8b 43 20 48 89 45 d8
0x0000000115d6104a:   48 8b 43 18 48 89 45 d0 48 8b 43 10 48 89 45 c8 

Register to memory mapping:

RAX=0x00007f7f4cdc0db0 is an unknown value
RBX=0x000000011533e000 is an unknown value
RCX=0x000000011533e000 is an unknown value
RDX=0x0000000000000000 is an unknown value
RSP=0x000070000ab30a80 is pointing into the stack for thread: 0x00007f7f5360b800
RBP=0x000070000ab30b00 is pointing into the stack for thread: 0x00007f7f5360b800
RSI=0x000070000ab30cc4 is pointing into the stack for thread: 0x00007f7f5360b800
RDI=0x00007f7f4cdc0ea0 is an unknown value
R8 =0x000000000000009a is an unknown value
R9 =0x0000000000000001 is an unknown value
R10=0x0000000000000001 is an unknown value
R11=0x0000000000000001 is an unknown value
R12=0x00007f7f4cdc0ea0 is an unknown value
R13=0x0000000000000000 is an unknown value
R14=0x000070000ab30cc4 is pointing into the stack for thread: 0x00007f7f5360b800
R15=0x00007f7f4cdc0ea0 is an unknown value


Stack: [0x000070000aa34000,0x000070000ab34000],  sp=0x000070000ab30a80,  free space=1010k
Native frames: (J=compiled Java code, j=interpreted, Vv=VM code, C=native code)
C  [sqlite-3.23.1-5becca84-1e41-43a6-aef6-f32d5df61323-libsqlitejdbc.jnilib+0x9703a]  Java_org_sqlite_core_NativeDB_clear_1progress_1handler+0x9156a
C  [sqlite-3.23.1-5becca84-1e41-43a6-aef6-f32d5df61323-libsqlitejdbc.jnilib+0x96473]  Java_org_sqlite_core_NativeDB_clear_1progress_1handler+0x909a3
C  [sqlite-3.23.1-5becca84-1e41-43a6-aef6-f32d5df61323-libsqlitejdbc.jnilib+0x99d5b]  Java_org_sqlite_core_NativeDB_clear_1progress_1handler+0x9428b
C  [sqlite-3.23.1-5becca84-1e41-43a6-aef6-f32d5df61323-libsqlitejdbc.jnilib+0x13f98f]  Java_org_sqlite_core_NativeDB_clear_1progress_1handler+0x139ebf
C  [sqlite-3.23.1-5becca84-1e41-43a6-aef6-f32d5df61323-libsqlitejdbc.jnilib+0xd509]  Java_org_sqlite_core_NativeDB_clear_1progress_1handler+0x7a39
C  [sqlite-3.23.1-5becca84-1e41-43a6-aef6-f32d5df61323-libsqlitejdbc.jnilib+0x2e3d8]  Java_org_sqlite_core_NativeDB_clear_1progress_1handler+0x28908
C  [sqlite-3.23.1-5becca84-1e41-43a6-aef6-f32d5df61323-libsqlitejdbc.jnilib+0x2251a]  Java_org_sqlite_core_NativeDB_clear_1progress_1handler+0x1ca4a
C  [sqlite-3.23.1-5becca84-1e41-43a6-aef6-f32d5df61323-libsqlitejdbc.jnilib+0xd2760]  Java_org_sqlite_core_NativeDB_clear_1progress_1handler+0xccc90
C  [sqlite-3.23.1-5becca84-1e41-43a6-aef6-f32d5df61323-libsqlitejdbc.jnilib+0xa7b4c]  Java_org_sqlite_core_NativeDB_clear_1progress_1handler+0xa207c
C  [sqlite-3.23.1-5becca84-1e41-43a6-aef6-f32d5df61323-libsqlitejdbc.jnilib+0x1bd6c]  Java_org_sqlite_core_NativeDB_clear_1progress_1handler+0x1629c
C  [sqlite-3.23.1-5becca84-1e41-43a6-aef6-f32d5df61323-libsqlitejdbc.jnilib+0x1a3ac]  Java_org_sqlite_core_NativeDB_clear_1progress_1handler+0x148dc
C  [sqlite-3.23.1-5becca84-1e41-43a6-aef6-f32d5df61323-libsqlitejdbc.jnilib+0x192df]  Java_org_sqlite_core_NativeDB_clear_1progress_1handler+0x1380f
C  [sqlite-3.23.1-5becca84-1e41-43a6-aef6-f32d5df61323-libsqlitejdbc.jnilib+0x25ed]  Java_org_sqlite_core_NativeDB_prepare_1utf8+0xdd
J 4370  org.sqlite.core.NativeDB.prepare_utf8([B)J (0 bytes) @ 0x000000011718f90a [0x000000011718f780+0x18a]
J 4369 C1 org.sqlite.core.NativeDB.prepare(Ljava/lang/String;)J (9 bytes) @ 0x000000011718efc4 [0x000000011718ec40+0x384]
J 4467 C1 org.sqlite.core.DB.prepare(Lorg/sqlite/core/CoreStatement;)V (65 bytes) @ 0x00000001171dcc44 [0x00000001171dc920+0x324]
J 4578 C1 org.sqlite.jdbc3.JDBC3Statement.execute(Ljava/lang/String;)Z (43 bytes) @ 0x0000000117236cb4 [0x00000001172369c0+0x2f4]
J 4663 C1 org.sqlite.SQLiteConfig.apply(Ljava/sql/Connection;)V (413 bytes) @ 0x0000000117274894 [0x000000011726f380+0x5514]
J 5394 C1 org.sqlite.core.CoreConnection.<init>(Ljava/lang/String;Ljava/lang/String;Ljava/util/Properties;)V (195 bytes) @ 0x0000000116d58dfc [0x0000000116d578a0+0x155c]
J 5138 C1 org.sqlite.SQLiteDataSource.getConnection(Ljava/lang/String;Ljava/lang/String;)Ljava/sql/Connection; (41 bytes) @ 0x00000001173ef7f4 [0x00000001173eeba0+0xc54]
J 5431 C1 com.googlecode.cqengine.persistence.disk.DiskPersistence.getConnection(Lcom/googlecode/cqengine/index/Index;Lcom/googlecode/cqengine/query/option/QueryOptions;)Ljava/sql/Connection; (40 bytes) @ 0x00000001167e69c4 [0x00000001167e68c0+0x104]
J 4797 C1 com.googlecode.cqengine.index.sqlite.RequestScopeConnectionManager.getConnection(Lcom/googlecode/cqengine/index/Index;Lcom/googlecode/cqengine/query/option/QueryOptions;)Ljava/sql/Connection; (91 bytes) @ 0x00000001172da7ec [0x00000001172da420+0x3cc]
J 5522 C1 com.googlecode.cqengine.index.sqlite.SQLiteIndex$3.iterator()Ljava/util/Iterator; (56 bytes) @ 0x000000011748c43c [0x000000011748c360+0xdc]
J 5521 C1 com.googlecode.cqengine.persistence.support.sqlite.SQLiteObjectStore.iterator(Lcom/googlecode/cqengine/query/option/QueryOptions;)Lcom/googlecode/cqengine/index/support/CloseableIterator; (32 bytes) @ 0x000000011748490c [0x0000000117484560+0x3ac]
J 5321 C1 com.googlecode.cqengine.persistence.support.ObjectSet$ObjectStoreAsObjectSet.iterator()Lcom/googlecode/cqengine/index/support/CloseableIterator; (35 bytes) @ 0x000000011728edbc [0x000000011728eca0+0x11c]
J 5333 C1 com.googlecode.cqengine.index.fallback.FallbackIndex$1.iterator()Ljava/util/Iterator; (60 bytes) @ 0x0000000116d8751c [0x0000000116d87060+0x4bc]
J 3675 C1 com.googlecode.cqengine.resultset.common.WrappedResultSet.iterator()Ljava/util/Iterator; (8 bytes) @ 0x0000000116a55354 [0x0000000116a55240+0x114]
j  com.googlecode.cqengine.resultset.ResultSet.isEmpty()Z+1
j  com.googlecode.cqengine.resultset.closeable.CloseableResultSet.isEmpty()Z+8
j  com.googlecode.cqengine.resultset.closeable.CloseableResultSet.isEmpty()Z+8
j  org.projectbarbel.histo.BarbelHistoCore.contains(Ljava/lang/Object;)Z+13
j  org.projectbarbel.histo.extension.AbstractUpdateListener.handleUnLoadOperation(Lorg/projectbarbel/histo/event/EventType$UnLoadOperationEvent;)V+102
v  ~StubRoutines::call_stub
V  [libjvm.dylib+0x2ef9fe]  JavaCalls::call_helper(JavaValue*, methodHandle*, JavaCallArguments*, Thread*)+0x6ae
V  [libjvm.dylib+0x4d6524]  Reflection::invoke(instanceKlassHandle, methodHandle, Handle, bool, objArrayHandle, BasicType, objArrayHandle, bool, Thread*)+0xe12
V  [libjvm.dylib+0x4d6a58]  Reflection::invoke_method(oopDesc*, Handle, objArrayHandle, Thread*)+0x16c
V  [libjvm.dylib+0x347f4c]  JVM_InvokeMethod+0x166
J 5446  sun.reflect.NativeMethodAccessorImpl.invoke0(Ljava/lang/reflect/Method;Ljava/lang/Object;[Ljava/lang/Object;)Ljava/lang/Object; (0 bytes) @ 0x0000000116dae16d [0x0000000116dae080+0xed]
J 5445 C1 sun.reflect.NativeMethodAccessorImpl.invoke(Ljava/lang/Object;[Ljava/lang/Object;)Ljava/lang/Object; (104 bytes) @ 0x0000000116895f4c [0x0000000116894d40+0x120c]
J 3296 C1 sun.reflect.DelegatingMethodAccessorImpl.invoke(Ljava/lang/Object;[Ljava/lang/Object;)Ljava/lang/Object; (10 bytes) @ 0x000000011704be2c [0x000000011704bd00+0x12c]
J 4250 C1 java.lang.reflect.Method.invoke(Ljava/lang/Object;[Ljava/lang/Object;)Ljava/lang/Object; (62 bytes) @ 0x0000000116a40b0c [0x0000000116a406e0+0x42c]
j  com.google.common.eventbus.Subscriber.invokeSubscriberMethod(Ljava/lang/Object;)V+19
j  com.google.common.eventbus.Subscriber$SynchronizedSubscriber.invokeSubscriberMethod(Ljava/lang/Object;)V+6
j  com.google.common.eventbus.Subscriber$1.run()V+8
j  java.util.concurrent.ThreadPoolExecutor.runWorker(Ljava/util/concurrent/ThreadPoolExecutor$Worker;)V+95
j  java.util.concurrent.ThreadPoolExecutor$Worker.run()V+5
j  java.lang.Thread.run()V+11
v  ~StubRoutines::call_stub
V  [libjvm.dylib+0x2ef9fe]  JavaCalls::call_helper(JavaValue*, methodHandle*, JavaCallArguments*, Thread*)+0x6ae
V  [libjvm.dylib+0x2f01a2]  JavaCalls::call_virtual(JavaValue*, KlassHandle, Symbol*, Symbol*, JavaCallArguments*, Thread*)+0x164
V  [libjvm.dylib+0x2f034e]  JavaCalls::call_virtual(JavaValue*, Handle, KlassHandle, Symbol*, Symbol*, Thread*)+0x4a
V  [libjvm.dylib+0x34ac3d]  thread_entry(JavaThread*, Thread*)+0x7c
V  [libjvm.dylib+0x56f83f]  JavaThread::thread_main_inner()+0x9b
V  [libjvm.dylib+0x570f3a]  JavaThread::run()+0x1c2
V  [libjvm.dylib+0x48e0be]  java_start(Thread*)+0xf6
C  [libsystem_pthread.dylib+0x3305]  _pthread_body+0x7e
C  [libsystem_pthread.dylib+0x626f]  _pthread_start+0x46
C  [libsystem_pthread.dylib+0x2415]  thread_start+0xd
C  0x0000000000000000

Java frames: (J=compiled Java code, j=interpreted, Vv=VM code)
J 4370  org.sqlite.core.NativeDB.prepare_utf8([B)J (0 bytes) @ 0x000000011718f7cc [0x000000011718f780+0x4c]
J 4369 C1 org.sqlite.core.NativeDB.prepare(Ljava/lang/String;)J (9 bytes) @ 0x000000011718efc4 [0x000000011718ec40+0x384]
J 4467 C1 org.sqlite.core.DB.prepare(Lorg/sqlite/core/CoreStatement;)V (65 bytes) @ 0x00000001171dcc44 [0x00000001171dc920+0x324]
J 4578 C1 org.sqlite.jdbc3.JDBC3Statement.execute(Ljava/lang/String;)Z (43 bytes) @ 0x0000000117236cb4 [0x00000001172369c0+0x2f4]
J 4663 C1 org.sqlite.SQLiteConfig.apply(Ljava/sql/Connection;)V (413 bytes) @ 0x0000000117274894 [0x000000011726f380+0x5514]
J 5394 C1 org.sqlite.core.CoreConnection.<init>(Ljava/lang/String;Ljava/lang/String;Ljava/util/Properties;)V (195 bytes) @ 0x0000000116d58dfc [0x0000000116d578a0+0x155c]
J 5138 C1 org.sqlite.SQLiteDataSource.getConnection(Ljava/lang/String;Ljava/lang/String;)Ljava/sql/Connection; (41 bytes) @ 0x00000001173ef7f4 [0x00000001173eeba0+0xc54]
J 5431 C1 com.googlecode.cqengine.persistence.disk.DiskPersistence.getConnection(Lcom/googlecode/cqengine/index/Index;Lcom/googlecode/cqengine/query/option/QueryOptions;)Ljava/sql/Connection; (40 bytes) @ 0x00000001167e69c4 [0x00000001167e68c0+0x104]
J 4797 C1 com.googlecode.cqengine.index.sqlite.RequestScopeConnectionManager.getConnection(Lcom/googlecode/cqengine/index/Index;Lcom/googlecode/cqengine/query/option/QueryOptions;)Ljava/sql/Connection; (91 bytes) @ 0x00000001172da7ec [0x00000001172da420+0x3cc]
J 5522 C1 com.googlecode.cqengine.index.sqlite.SQLiteIndex$3.iterator()Ljava/util/Iterator; (56 bytes) @ 0x000000011748c43c [0x000000011748c360+0xdc]
J 5521 C1 com.googlecode.cqengine.persistence.support.sqlite.SQLiteObjectStore.iterator(Lcom/googlecode/cqengine/query/option/QueryOptions;)Lcom/googlecode/cqengine/index/support/CloseableIterator; (32 bytes) @ 0x000000011748490c [0x0000000117484560+0x3ac]
J 5321 C1 com.googlecode.cqengine.persistence.support.ObjectSet$ObjectStoreAsObjectSet.iterator()Lcom/googlecode/cqengine/index/support/CloseableIterator; (35 bytes) @ 0x000000011728edbc [0x000000011728eca0+0x11c]
J 5333 C1 com.googlecode.cqengine.index.fallback.FallbackIndex$1.iterator()Ljava/util/Iterator; (60 bytes) @ 0x0000000116d8751c [0x0000000116d87060+0x4bc]
J 3675 C1 com.googlecode.cqengine.resultset.common.WrappedResultSet.iterator()Ljava/util/Iterator; (8 bytes) @ 0x0000000116a55354 [0x0000000116a55240+0x114]
j  com.googlecode.cqengine.resultset.ResultSet.isEmpty()Z+1
j  com.googlecode.cqengine.resultset.closeable.CloseableResultSet.isEmpty()Z+8
j  com.googlecode.cqengine.resultset.closeable.CloseableResultSet.isEmpty()Z+8
j  org.projectbarbel.histo.BarbelHistoCore.contains(Ljava/lang/Object;)Z+13
j  org.projectbarbel.histo.extension.AbstractUpdateListener.handleUnLoadOperation(Lorg/projectbarbel/histo/event/EventType$UnLoadOperationEvent;)V+102
v  ~StubRoutines::call_stub
J 5446  sun.reflect.NativeMethodAccessorImpl.invoke0(Ljava/lang/reflect/Method;Ljava/lang/Object;[Ljava/lang/Object;)Ljava/lang/Object; (0 bytes) @ 0x0000000116dae0f7 [0x0000000116dae080+0x77]
J 5445 C1 sun.reflect.NativeMethodAccessorImpl.invoke(Ljava/lang/Object;[Ljava/lang/Object;)Ljava/lang/Object; (104 bytes) @ 0x0000000116895f4c [0x0000000116894d40+0x120c]
J 3296 C1 sun.reflect.DelegatingMethodAccessorImpl.invoke(Ljava/lang/Object;[Ljava/lang/Object;)Ljava/lang/Object; (10 bytes) @ 0x000000011704be2c [0x000000011704bd00+0x12c]
J 4250 C1 java.lang.reflect.Method.invoke(Ljava/lang/Object;[Ljava/lang/Object;)Ljava/lang/Object; (62 bytes) @ 0x0000000116a40b0c [0x0000000116a406e0+0x42c]
j  com.google.common.eventbus.Subscriber.invokeSubscriberMethod(Ljava/lang/Object;)V+19
j  com.google.common.eventbus.Subscriber$SynchronizedSubscriber.invokeSubscriberMethod(Ljava/lang/Object;)V+6
j  com.google.common.eventbus.Subscriber$1.run()V+8
j  java.util.concurrent.ThreadPoolExecutor.runWorker(Ljava/util/concurrent/ThreadPoolExecutor$Worker;)V+95
j  java.util.concurrent.ThreadPoolExecutor$Worker.run()V+5
j  java.lang.Thread.run()V+11
v  ~StubRoutines::call_stub

---------------  P R O C E S S  ---------------

Java Threads: ( => current thread )
  0x00007f7f53686800 JavaThread "pool-87-thread-1" daemon [_thread_blocked, id=89859, stack(0x000070000bd6d000,0x000070000be6d000)]
  0x00007f7f535a5000 JavaThread "pool-86-thread-1" daemon [_thread_blocked, id=126723, stack(0x000070000bc6a000,0x000070000bd6a000)]
  0x00007f7f4d20d000 JavaThread "pool-85-thread-1" daemon [_thread_blocked, id=127235, stack(0x000070000bb67000,0x000070000bc67000)]
  0x00007f7f53352800 JavaThread "pool-84-thread-1" daemon [_thread_blocked, id=89347, stack(0x000070000ba64000,0x000070000bb64000)]
  0x00007f7f54fcc800 JavaThread "pool-83-thread-1" daemon [_thread_blocked, id=128003, stack(0x000070000b961000,0x000070000ba61000)]
  0x00007f7f54fcb800 JavaThread "pool-82-thread-1" daemon [_thread_blocked, id=88835, stack(0x000070000b85e000,0x000070000b95e000)]
  0x00007f7f54525800 JavaThread "pool-81-thread-1" daemon [_thread_blocked, id=88579, stack(0x000070000b75b000,0x000070000b85b000)]
  0x00007f7f54523800 JavaThread "pool-80-thread-1" daemon [_thread_blocked, id=128771, stack(0x000070000b658000,0x000070000b758000)]
  0x00007f7f53959800 JavaThread "pool-79-thread-1" daemon [_thread_blocked, id=129027, stack(0x000070000b555000,0x000070000b655000)]
  0x00007f7f54ee6800 JavaThread "pool-78-thread-1" daemon [_thread_blocked, id=129283, stack(0x000070000b452000,0x000070000b552000)]
  0x00007f7f53619000 JavaThread "pool-77-thread-1" daemon [_thread_blocked, id=129795, stack(0x000070000b34f000,0x000070000b44f000)]
  0x00007f7f4d20c800 JavaThread "pool-76-thread-1" daemon [_thread_blocked, id=87811, stack(0x000070000b24c000,0x000070000b34c000)]
  0x00007f7f4f138800 JavaThread "pool-75-thread-1" daemon [_thread_blocked, id=130563, stack(0x000070000b149000,0x000070000b249000)]
  0x00007f7f54e8d000 JavaThread "pool-74-thread-1" daemon [_thread_blocked, id=130819, stack(0x000070000b046000,0x000070000b146000)]
  0x00007f7f537d8000 JavaThread "pool-73-thread-1" daemon [_thread_blocked, id=64515, stack(0x000070000af43000,0x000070000b043000)]
  0x00007f7f533c7800 JavaThread "pool-72-thread-1" daemon [_thread_blocked, id=64003, stack(0x000070000ae40000,0x000070000af40000)]
  0x00007f7f54c78000 JavaThread "pool-71-thread-1" daemon [_thread_blocked, id=65027, stack(0x000070000ad3d000,0x000070000ae3d000)]
  0x00007f7f5360a800 JavaThread "pool-70-thread-1" daemon [_thread_blocked, id=65539, stack(0x000070000ac3a000,0x000070000ad3a000)]
  0x00007f7f53bbe800 JavaThread "pool-69-thread-1" daemon [_thread_blocked, id=65795, stack(0x000070000ab37000,0x000070000ac37000)]
=>0x00007f7f5360b800 JavaThread "pool-68-thread-1" daemon [_thread_in_native, id=63491, stack(0x000070000aa34000,0x000070000ab34000)]
  0x00007f7f541d5800 JavaThread "pool-67-thread-1" daemon [_thread_blocked, id=66563, stack(0x000070000a931000,0x000070000aa31000)]
  0x00007f7f54d29000 JavaThread "pool-66-thread-1" daemon [_thread_blocked, id=67075, stack(0x000070000a82e000,0x000070000a92e000)]
  0x00007f7f54d2a000 JavaThread "pool-65-thread-1" daemon [_thread_blocked, id=62979, stack(0x000070000a72b000,0x000070000a82b000)]
  0x00007f7f4c286800 JavaThread "pool-64-thread-1" daemon [_thread_blocked, id=67331, stack(0x000070000a628000,0x000070000a728000)]
  0x00007f7f54821800 JavaThread "pool-63-thread-1" daemon [_thread_blocked, id=62211, stack(0x000070000a525000,0x000070000a625000)]
  0x00007f7f533bc800 JavaThread "pool-62-thread-1" daemon [_thread_blocked, id=67587, stack(0x000070000a422000,0x000070000a522000)]
  0x00007f7f549a5800 JavaThread "pool-61-thread-1" daemon [_thread_blocked, id=61443, stack(0x000070000a31f000,0x000070000a41f000)]
  0x00007f7f5462f000 JavaThread "pool-60-thread-1" daemon [_thread_blocked, id=60931, stack(0x000070000a21c000,0x000070000a31c000)]
  0x00007f7f4f0b8000 JavaThread "pool-59-thread-1" daemon [_thread_blocked, id=60419, stack(0x000070000a119000,0x000070000a219000)]
  0x00007f7f4c03b800 JavaThread "pool-58-thread-1" daemon [_thread_blocked, id=68099, stack(0x000070000a016000,0x000070000a116000)]
  0x00007f7f530f6800 JavaThread "pool-57-thread-1" daemon [_thread_blocked, id=68355, stack(0x0000700009f13000,0x000070000a013000)]
  0x00007f7f54576000 JavaThread "pool-56-thread-1" daemon [_thread_blocked, id=59651, stack(0x0000700009e10000,0x0000700009f10000)]
  0x00007f7f509f8000 JavaThread "pool-55-thread-1" daemon [_thread_blocked, id=68867, stack(0x0000700009d0d000,0x0000700009e0d000)]
  0x00007f7f4e8b7800 JavaThread "pool-54-thread-1" daemon [_thread_blocked, id=59395, stack(0x0000700009c0a000,0x0000700009d0a000)]
  0x00007f7f4bc9c000 JavaThread "pool-53-thread-1" daemon [_thread_blocked, id=69379, stack(0x0000700009b07000,0x0000700009c07000)]
  0x00007f7f4bc9b000 JavaThread "pool-52-thread-1" daemon [_thread_blocked, id=69635, stack(0x0000700009a04000,0x0000700009b04000)]
  0x00007f7f51cd4000 JavaThread "pool-51-thread-1" daemon [_thread_blocked, id=69891, stack(0x0000700009901000,0x0000700009a01000)]
  0x00007f7f50934000 JavaThread "pool-50-thread-1" daemon [_thread_blocked, id=70147, stack(0x00007000097fe000,0x00007000098fe000)]
  0x00007f7f51dca000 JavaThread "pool-49-thread-1" daemon [_thread_blocked, id=70659, stack(0x00007000096fb000,0x00007000097fb000)]
  0x00007f7f4db02000 JavaThread "pool-48-thread-1" daemon [_thread_blocked, id=71171, stack(0x00007000095f8000,0x00007000096f8000)]
  0x00007f7f4bccb800 JavaThread "pool-47-thread-1" daemon [_thread_blocked, id=58115, stack(0x00007000094f5000,0x00007000095f5000)]
  0x00007f7f5033f000 JavaThread "pool-46-thread-1" daemon [_thread_blocked, id=57859, stack(0x00007000093f2000,0x00007000094f2000)]
  0x00007f7f51bff800 JavaThread "pool-45-thread-1" daemon [_thread_blocked, id=57347, stack(0x00007000092ef000,0x00007000093ef000)]
  0x00007f7f5374a000 JavaThread "pool-44-thread-1" daemon [_thread_blocked, id=57091, stack(0x00007000091ec000,0x00007000092ec000)]
  0x00007f7f4e010000 JavaThread "pool-43-thread-1" daemon [_thread_blocked, id=72451, stack(0x00007000090e9000,0x00007000091e9000)]
  0x00007f7f4db50800 JavaThread "pool-42-thread-1" daemon [_thread_blocked, id=72963, stack(0x0000700008fe6000,0x00007000090e6000)]
  0x00007f7f4d849800 JavaThread "pool-41-thread-1" daemon [_thread_blocked, id=56579, stack(0x0000700008ee3000,0x0000700008fe3000)]
  0x00007f7f5424e000 JavaThread "pool-40-thread-1" daemon [_thread_blocked, id=56067, stack(0x0000700008de0000,0x0000700008ee0000)]
  0x00007f7f514ae000 JavaThread "pool-39-thread-1" daemon [_thread_blocked, id=55811, stack(0x0000700008cdd000,0x0000700008ddd000)]
  0x00007f7f50107000 JavaThread "pool-38-thread-1" daemon [_thread_blocked, id=55555, stack(0x0000700008bda000,0x0000700008cda000)]
  0x00007f7f514ac000 JavaThread "pool-37-thread-1" daemon [_thread_blocked, id=55043, stack(0x0000700008ad7000,0x0000700008bd7000)]
  0x00007f7f5478d000 JavaThread "pool-36-thread-1" daemon [_thread_blocked, id=54787, stack(0x00007000089d4000,0x0000700008ad4000)]
  0x00007f7f4bfea000 JavaThread "pool-35-thread-1" daemon [_thread_blocked, id=74243, stack(0x00007000088d1000,0x00007000089d1000)]
  0x00007f7f54c9b000 JavaThread "pool-34-thread-1" daemon [_thread_blocked, id=54275, stack(0x00007000087ce000,0x00007000088ce000)]
  0x00007f7f4b82a000 JavaThread "pool-33-thread-1" daemon [_thread_blocked, id=74755, stack(0x00007000086cb000,0x00007000087cb000)]
  0x00007f7f4b82b800 JavaThread "pool-32-thread-1" daemon [_thread_blocked, id=54019, stack(0x00007000085c8000,0x00007000086c8000)]
  0x00007f7f51caa000 JavaThread "pool-31-thread-1" daemon [_thread_blocked, id=75523, stack(0x00007000084c5000,0x00007000085c5000)]
  0x00007f7f500b4000 JavaThread "pool-30-thread-1" daemon [_thread_blocked, id=53763, stack(0x00007000083c2000,0x00007000084c2000)]
  0x00007f7f537dd800 JavaThread "pool-29-thread-1" daemon [_thread_blocked, id=76291, stack(0x00007000082bf000,0x00007000083bf000)]
  0x00007f7f50106000 JavaThread "pool-28-thread-1" daemon [_thread_blocked, id=53507, stack(0x00007000081bc000,0x00007000082bc000)]
  0x00007f7f50890800 JavaThread "pool-27-thread-1" daemon [_thread_blocked, id=52995, stack(0x00007000080b9000,0x00007000081b9000)]
  0x00007f7f50348000 JavaThread "pool-26-thread-1" daemon [_thread_blocked, id=76803, stack(0x0000700007fb6000,0x00007000080b6000)]
  0x00007f7f54518800 JavaThread "pool-25-thread-1" daemon [_thread_blocked, id=77315, stack(0x0000700007eb3000,0x0000700007fb3000)]
  0x00007f7f54c87000 JavaThread "pool-24-thread-1" daemon [_thread_blocked, id=52227, stack(0x0000700007db0000,0x0000700007eb0000)]
  0x00007f7f54533800 JavaThread "pool-23-thread-1" daemon [_thread_blocked, id=77827, stack(0x0000700007cad000,0x0000700007dad000)]
  0x00007f7f4be40000 JavaThread "pool-22-thread-1" daemon [_thread_blocked, id=51971, stack(0x0000700007baa000,0x0000700007caa000)]
  0x00007f7f5108d000 JavaThread "pool-21-thread-1" daemon [_thread_blocked, id=78339, stack(0x0000700007aa7000,0x0000700007ba7000)]
  0x00007f7f50525000 JavaThread "pool-20-thread-1" daemon [_thread_blocked, id=78851, stack(0x00007000079a4000,0x0000700007aa4000)]
  0x00007f7f4e4b7000 JavaThread "pool-19-thread-1" daemon [_thread_blocked, id=51459, stack(0x00007000078a1000,0x00007000079a1000)]
  0x00007f7f543df000 JavaThread "pool-18-thread-1" daemon [_thread_blocked, id=79363, stack(0x000070000779e000,0x000070000789e000)]
  0x00007f7f4c1b6000 JavaThread "pool-17-thread-1" daemon [_thread_blocked, id=50691, stack(0x000070000769b000,0x000070000779b000)]
  0x00007f7f4d3f9800 JavaThread "pool-16-thread-1" daemon [_thread_blocked, id=79875, stack(0x0000700007598000,0x0000700007698000)]
  0x00007f7f4e921000 JavaThread "pool-15-thread-1" daemon [_thread_blocked, id=50435, stack(0x0000700007495000,0x0000700007595000)]
  0x00007f7f4eb7b000 JavaThread "pool-14-thread-1" daemon [_thread_blocked, id=49923, stack(0x0000700007392000,0x0000700007492000)]
  0x00007f7f54ff2000 JavaThread "pool-13-thread-1" daemon [_thread_blocked, id=80643, stack(0x000070000728f000,0x000070000738f000)]
  0x00007f7f54fed800 JavaThread "pool-12-thread-1" daemon [_thread_blocked, id=80899, stack(0x000070000718c000,0x000070000728c000)]
  0x00007f7f5068e800 JavaThread "pool-11-thread-1" daemon [_thread_blocked, id=81155, stack(0x0000700007089000,0x0000700007189000)]
  0x00007f7f4eb7a000 JavaThread "pool-10-thread-1" daemon [_thread_blocked, id=48899, stack(0x0000700006f86000,0x0000700007086000)]
  0x00007f7f5068a000 JavaThread "pool-9-thread-1" daemon [_thread_blocked, id=81411, stack(0x0000700006e83000,0x0000700006f83000)]
  0x00007f7f51cdb800 JavaThread "pool-8-thread-1" daemon [_thread_blocked, id=48387, stack(0x0000700006d80000,0x0000700006e80000)]
  0x00007f7f4ebab000 JavaThread "pool-7-thread-1" daemon [_thread_blocked, id=48131, stack(0x0000700006c7d000,0x0000700006d7d000)]
  0x00007f7f4de73800 JavaThread "pool-6-thread-1" daemon [_thread_blocked, id=47875, stack(0x0000700006b7a000,0x0000700006c7a000)]
  0x00007f7f4e4d7800 JavaThread "pool-5-thread-1" daemon [_thread_blocked, id=82691, stack(0x0000700006a77000,0x0000700006b77000)]
  0x00007f7f51818000 JavaThread "pool-4-thread-1" daemon [_thread_blocked, id=47363, stack(0x0000700006974000,0x0000700006a74000)]
  0x00007f7f5106a800 JavaThread "pool-3-thread-1" daemon [_thread_blocked, id=47107, stack(0x0000700006871000,0x0000700006971000)]
  0x00007f7f535b0000 JavaThread "pool-2-thread-1" daemon [_thread_blocked, id=83459, stack(0x000070000676e000,0x000070000686e000)]
  0x00007f7f4e0db000 JavaThread "pool-1-thread-1" daemon [_thread_blocked, id=83971, stack(0x000070000666b000,0x000070000676b000)]
  0x00007f7f503ab000 JavaThread "cluster-ClusterId{value='5c7e9194ca3663090a169952', description='null'}-localhost:12345" daemon [_thread_blocked, id=84483, stack(0x0000700006568000,0x0000700006668000)]
  0x00007f7f4da2b800 JavaThread "cluster-ClusterId{value='5c7e9194ca3663090a16994d', description='null'}-localhost:12345" daemon [_thread_blocked, id=46595, stack(0x0000700006465000,0x0000700006565000)]
  0x00007f7f4f381000 JavaThread "cluster-ClusterId{value='5c7e9194ca3663090a16994c', description='null'}-barbel-test-cluster-shard-00-00-ue1uu.mongodb.net:27017" daemon [_thread_blocked, id=46339, stack(0x0000700006362000,0x0000700006462000)]
  0x00007f7f4d9df800 JavaThread "cluster-ClusterId{value='5c7e9194ca3663090a16994c', description='null'}-barbel-test-cluster-shard-00-02-ue1uu.mongodb.net:27017" daemon [_thread_blocked, id=84995, stack(0x000070000625f000,0x000070000635f000)]
  0x00007f7f4d0fb800 JavaThread "cluster-ClusterId{value='5c7e9194ca3663090a16994c', description='null'}-barbel-test-cluster-shard-00-01-ue1uu.mongodb.net:27017" daemon [_thread_blocked, id=85251, stack(0x000070000615c000,0x000070000625c000)]
  0x00007f7f4da38800 JavaThread "cluster-ClusterId{value='5c7e9194ca3663090a16994c', description='null'}-srv-barbel-test-cluster-ue1uu.mongodb.net" daemon [_thread_blocked, id=85507, stack(0x0000700006059000,0x0000700006159000)]
  0x00007f7f4d030000 JavaThread "cluster-ClusterId{value='5c7e9194ca3663090a16994b', description='null'}-barbel-test-cluster-shard-00-00-ue1uu.mongodb.net:27017" daemon [_thread_blocked, id=45059, stack(0x0000700005f56000,0x0000700006056000)]
  0x00007f7f53656000 JavaThread "cluster-ClusterId{value='5c7e9194ca3663090a16994b', description='null'}-barbel-test-cluster-shard-00-02-ue1uu.mongodb.net:27017" daemon [_thread_blocked, id=86019, stack(0x0000700005e53000,0x0000700005f53000)]
  0x00007f7f530fc800 JavaThread "cluster-ClusterId{value='5c7e9194ca3663090a16994b', description='null'}-barbel-test-cluster-shard-00-01-ue1uu.mongodb.net:27017" daemon [_thread_blocked, id=44547, stack(0x0000700005d50000,0x0000700005e50000)]
  0x00007f7f54264800 JavaThread "cluster-ClusterId{value='5c7e9194ca3663090a16994b', description='null'}-srv-barbel-test-cluster-ue1uu.mongodb.net" daemon [_thread_blocked, id=86531, stack(0x0000700005c4d000,0x0000700005d4d000)]
  0x00007f7f4f8e6000 JavaThread "cluster-ClusterId{value='5c7e9193ca3663090a169948', description='null'}-barbel-test-cluster-shard-00-00-ue1uu.mongodb.net:27017" daemon [_thread_blocked, id=87043, stack(0x0000700005b4a000,0x0000700005c4a000)]
  0x00007f7f4d02f000 JavaThread "cluster-ClusterId{value='5c7e9193ca3663090a169948', description='null'}-barbel-test-cluster-shard-00-02-ue1uu.mongodb.net:27017" daemon [_thread_blocked, id=44035, stack(0x0000700005a47000,0x0000700005b47000)]
  0x00007f7f54827000 JavaThread "cluster-ClusterId{value='5c7e9193ca3663090a169948', description='null'}-barbel-test-cluster-shard-00-01-ue1uu.mongodb.net:27017" daemon [_thread_blocked, id=43523, stack(0x0000700005944000,0x0000700005a44000)]
  0x00007f7f5482b800 JavaThread "cluster-ClusterId{value='5c7e9193ca3663090a169948', description='null'}-srv-barbel-test-cluster-ue1uu.mongodb.net" daemon [_thread_blocked, id=29443, stack(0x0000700005841000,0x0000700005941000)]
  0x00007f7f53361800 JavaThread "cluster-ClusterId{value='5c7e9193ca3663090a169947', description='null'}-localhost:12345" daemon [_thread_blocked, id=29699, stack(0x000070000573e000,0x000070000583e000)]
  0x00007f7f5482a800 JavaThread "cluster-ClusterId{value='5c7e9193ca3663090a169942', description='null'}-localhost:12345" daemon [_thread_blocked, id=28419, stack(0x000070000563b000,0x000070000573b000)]
  0x00007f7f54828800 JavaThread "cluster-ClusterId{value='5c7e9193ca3663090a169941', description='null'}-barbel-test-cluster-shard-00-00-ue1uu.mongodb.net:27017" daemon [_thread_blocked, id=30211, stack(0x0000700005538000,0x0000700005638000)]
  0x00007f7f530fa800 JavaThread "cluster-ClusterId{value='5c7e9193ca3663090a169941', description='null'}-barbel-test-cluster-shard-00-02-ue1uu.mongodb.net:27017" daemon [_thread_blocked, id=27907, stack(0x0000700005435000,0x0000700005535000)]
  0x00007f7f4f1e3000 JavaThread "cluster-ClusterId{value='5c7e9193ca3663090a169941', description='null'}-barbel-test-cluster-shard-00-01-ue1uu.mongodb.net:27017" daemon [_thread_blocked, id=30723, stack(0x0000700005332000,0x0000700005432000)]
  0x00007f7f54826000 JavaThread "cluster-ClusterId{value='5c7e9193ca3663090a169941', description='null'}-srv-barbel-test-cluster-ue1uu.mongodb.net" daemon [_thread_blocked, id=27651, stack(0x000070000522f000,0x000070000532f000)]
  0x00007f7f4fb9f800 JavaThread "cluster-ClusterId{value='5c7e9193ca3663090a169940', description='null'}-barbel-test-cluster-shard-00-00-ue1uu.mongodb.net:27017" daemon [_thread_blocked, id=27139, stack(0x000070000512c000,0x000070000522c000)]
  0x00007f7f54253000 JavaThread "cluster-ClusterId{value='5c7e9193ca3663090a169940', description='null'}-barbel-test-cluster-shard-00-02-ue1uu.mongodb.net:27017" daemon [_thread_blocked, id=31235, stack(0x0000700005029000,0x0000700005129000)]
  0x00007f7f54252000 JavaThread "cluster-ClusterId{value='5c7e9193ca3663090a169940', description='null'}-barbel-test-cluster-shard-00-01-ue1uu.mongodb.net:27017" daemon [_thread_blocked, id=26627, stack(0x0000700004f26000,0x0000700005026000)]
  0x00007f7f4db89000 JavaThread "cluster-ClusterId{value='5c7e9193ca3663090a169940', description='null'}-srv-barbel-test-cluster-ue1uu.mongodb.net" daemon [_thread_blocked, id=3079, stack(0x0000700004e23000,0x0000700004f23000)]
  0x00007f7f4c334000 JavaThread "cluster-ClusterId{value='5c7e9192ca3663090a169937', description='null'}-barbel-test-cluster-shard-00-00-ue1uu.mongodb.net:27017" daemon [_thread_blocked, id=32259, stack(0x0000700004d20000,0x0000700004e20000)]
  0x00007f7f507f5800 JavaThread "cluster-ClusterId{value='5c7e9192ca3663090a169937', description='null'}-barbel-test-cluster-shard-00-02-ue1uu.mongodb.net:27017" daemon [_thread_blocked, id=32515, stack(0x0000700004c1d000,0x0000700004d1d000)]
  0x00007f7f4d213000 JavaThread "cluster-ClusterId{value='5c7e9192ca3663090a169937', description='null'}-barbel-test-cluster-shard-00-01-ue1uu.mongodb.net:27017" daemon [_thread_blocked, id=32771, stack(0x0000700004b1a000,0x0000700004c1a000)]
  0x00007f7f4c333800 JavaThread "cluster-ClusterId{value='5c7e9192ca3663090a169937', description='null'}-srv-barbel-test-cluster-ue1uu.mongodb.net" daemon [_thread_blocked, id=25859, stack(0x0000700004a17000,0x0000700004b17000)]
  0x00007f7f4f198800 JavaThread "cluster-ClusterId{value='5c7e9192ca3663090a169936', description='null'}-barbel-test-cluster-shard-00-00-ue1uu.mongodb.net:27017" daemon [_thread_blocked, id=33539, stack(0x0000700004914000,0x0000700004a14000)]
  0x00007f7f50ec3000 JavaThread "cluster-ClusterId{value='5c7e9192ca3663090a169936', description='null'}-barbel-test-cluster-shard-00-02-ue1uu.mongodb.net:27017" daemon [_thread_blocked, id=25603, stack(0x0000700004811000,0x0000700004911000)]
  0x00007f7f50ceb000 JavaThread "cluster-ClusterId{value='5c7e9192ca3663090a169936', description='null'}-barbel-test-cluster-shard-00-01-ue1uu.mongodb.net:27017" daemon [_thread_blocked, id=25347, stack(0x000070000470e000,0x000070000480e000)]
  0x00007f7f4d99a000 JavaThread "cluster-ClusterId{value='5c7e9192ca3663090a169936', description='null'}-srv-barbel-test-cluster-ue1uu.mongodb.net" daemon [_thread_blocked, id=34563, stack(0x000070000460b000,0x000070000470b000)]
  0x00007f7f4d999000 JavaThread "cluster-ClusterId{value='5c7e9192ca3663090a169934', description='null'}-barbel-test-cluster-shard-00-00-ue1uu.mongodb.net:27017" daemon [_thread_blocked, id=35075, stack(0x0000700004508000,0x0000700004608000)]
  0x00007f7f50539800 JavaThread "cluster-ClusterId{value='5c7e9192ca3663090a169934', description='null'}-barbel-test-cluster-shard-00-02-ue1uu.mongodb.net:27017" daemon [_thread_blocked, id=35587, stack(0x0000700004405000,0x0000700004505000)]
  0x00007f7f4f1d2800 JavaThread "cluster-ClusterId{value='5c7e9192ca3663090a169934', description='null'}-barbel-test-cluster-shard-00-01-ue1uu.mongodb.net:27017" daemon [_thread_blocked, id=25091, stack(0x0000700004302000,0x0000700004402000)]
  0x00007f7f4be20800 JavaThread "cluster-ClusterId{value='5c7e9192ca3663090a169934', description='null'}-srv-barbel-test-cluster-ue1uu.mongodb.net" daemon [_thread_blocked, id=24579, stack(0x00007000041ff000,0x00007000042ff000)]
  0x00007f7f4d89e000 JavaThread "cluster-ClusterId{value='5c7e9192ca3663090a169931', description='null'}-barbel-test-cluster-shard-00-00-ue1uu.mongodb.net:27017" daemon [_thread_blocked, id=36355, stack(0x00007000040fc000,0x00007000041fc000)]
  0x00007f7f4d034000 JavaThread "cluster-ClusterId{value='5c7e9192ca3663090a169931', description='null'}-barbel-test-cluster-shard-00-02-ue1uu.mongodb.net:27017" daemon [_thread_blocked, id=24067, stack(0x0000700003ff9000,0x00007000040f9000)]
  0x00007f7f4d033000 JavaThread "cluster-ClusterId{value='5c7e9192ca3663090a169931', description='null'}-barbel-test-cluster-shard-00-01-ue1uu.mongodb.net:27017" daemon [_thread_blocked, id=23811, stack(0x0000700003ef6000,0x0000700003ff6000)]
  0x00007f7f4e045000 JavaThread "cluster-ClusterId{value='5c7e9192ca3663090a169931', description='null'}-srv-barbel-test-cluster-ue1uu.mongodb.net" daemon [_thread_blocked, id=37123, stack(0x0000700003df3000,0x0000700003ef3000)]
  0x00007f7f4f25d000 JavaThread "cluster-ClusterId{value='5c7e9191ca3663090a16992f', description='null'}-barbel-test-cluster-shard-00-00-ue1uu.mongodb.net:27017" daemon [_thread_blocked, id=37635, stack(0x0000700003cf0000,0x0000700003df0000)]
  0x00007f7f4faf0000 JavaThread "cluster-ClusterId{value='5c7e9191ca3663090a16992f', description='null'}-barbel-test-cluster-shard-00-02-ue1uu.mongodb.net:27017" daemon [_thread_blocked, id=38147, stack(0x0000700003bed000,0x0000700003ced000)]
  0x00007f7f4fade000 JavaThread "cluster-ClusterId{value='5c7e9191ca3663090a16992f', description='null'}-barbel-test-cluster-shard-00-01-ue1uu.mongodb.net:27017" daemon [_thread_blocked, id=38403, stack(0x0000700003aea000,0x0000700003bea000)]
  0x00007f7f4be1f800 JavaThread "cluster-ClusterId{value='5c7e9191ca3663090a16992f', description='null'}-srv-barbel-test-cluster-ue1uu.mongodb.net" daemon [_thread_blocked, id=38915, stack(0x00007000039e7000,0x0000700003ae7000)]
  0x00007f7f4c0b8800 JavaThread "ForkJoinPool.commonPool-worker-1" daemon [_thread_blocked, id=39427, stack(0x00007000038e4000,0x00007000039e4000)]
  0x00007f7f4f8e5000 JavaThread "cluster-ClusterId{value='5c7e9190ca3663090a169918', description='null'}-barbel-test-cluster-shard-00-00-ue1uu.mongodb.net:27017" daemon [_thread_blocked, id=23299, stack(0x00007000037e1000,0x00007000038e1000)]
  0x00007f7f4f0a3000 JavaThread "cluster-ClusterId{value='5c7e9190ca3663090a169918', description='null'}-barbel-test-cluster-shard-00-02-ue1uu.mongodb.net:27017" daemon [_thread_blocked, id=40195, stack(0x00007000036de000,0x00007000037de000)]
  0x00007f7f5114e000 JavaThread "cluster-ClusterId{value='5c7e9190ca3663090a169918', description='null'}-barbel-test-cluster-shard-00-01-ue1uu.mongodb.net:27017" daemon [_thread_blocked, id=40451, stack(0x00007000035db000,0x00007000036db000)]
  0x00007f7f50a25000 JavaThread "cluster-ClusterId{value='5c7e9190ca3663090a169918', description='null'}-srv-barbel-test-cluster-ue1uu.mongodb.net" daemon [_thread_blocked, id=40963, stack(0x00007000034d8000,0x00007000035d8000)]
  0x00007f7f4f8e4000 JavaThread "Thread-3" daemon [_thread_in_native, id=41219, stack(0x00007000033d5000,0x00007000034d5000)]
  0x00007f7f50828800 JavaThread "Thread-2" daemon [_thread_in_native, id=22531, stack(0x00007000032d2000,0x00007000033d2000)]
  0x00007f7f4c0c2800 JavaThread "process reaper" daemon [_thread_in_native, id=41987, stack(0x00007000032a7000,0x00007000032cf000)]
  0x00007f7f4da3b800 JavaThread "ReaderThread" [_thread_in_native, id=42499, stack(0x00007000031a4000,0x00007000032a4000)]
  0x00007f7f4e14e800 JavaThread "Service Thread" daemon [_thread_blocked, id=22019, stack(0x0000700002f9e000,0x000070000309e000)]
  0x00007f7f4e151000 JavaThread "C1 CompilerThread3" daemon [_thread_blocked, id=21763, stack(0x0000700002e9b000,0x0000700002f9b000)]
  0x00007f7f4e150800 JavaThread "C2 CompilerThread2" daemon [_thread_blocked, id=15107, stack(0x0000700002d98000,0x0000700002e98000)]
  0x00007f7f4b81b800 JavaThread "C2 CompilerThread1" daemon [_thread_blocked, id=15619, stack(0x0000700002c95000,0x0000700002d95000)]
  0x00007f7f4e87e800 JavaThread "C2 CompilerThread0" daemon [_thread_blocked, id=14339, stack(0x0000700002b92000,0x0000700002c92000)]
  0x00007f7f4d836800 JavaThread "JDWP Command Reader" daemon [_thread_blocked, id=15875, stack(0x0000700002a8f000,0x0000700002b8f000)]
  0x00007f7f4e00f000 JavaThread "JDWP Event Helper Thread" daemon [_thread_blocked, id=16131, stack(0x000070000298c000,0x0000700002a8c000)]
  0x00007f7f4e00e000 JavaThread "JDWP Transport Listener: dt_socket" daemon [_thread_blocked, id=16647, stack(0x0000700002889000,0x0000700002989000)]
  0x00007f7f4d840800 JavaThread "Signal Dispatcher" daemon [_thread_blocked, id=17155, stack(0x0000700002786000,0x0000700002886000)]
  0x00007f7f4e009800 JavaThread "Finalizer" daemon [_thread_blocked, id=18691, stack(0x0000700002683000,0x0000700002783000)]
  0x00007f7f4e008800 JavaThread "Reference Handler" daemon [_thread_blocked, id=12291, stack(0x0000700002580000,0x0000700002680000)]
  0x00007f7f4d805000 JavaThread "main" [_thread_in_Java, id=6659, stack(0x0000700001b62000,0x0000700001c62000)]

Other Threads:
  0x00007f7f4b811800 VMThread [stack: 0x000070000247d000,0x000070000257d000] [id=19459]
  0x00007f7f4d03f800 WatcherThread [stack: 0x00007000030a1000,0x00007000031a1000] [id=22275]

VM state:synchronizing (normal execution)

VM Mutex/Monitor currently owned by a thread:  ([mutex/lock_event])
[0x00007f7f4b6041d0] Safepoint_lock - owner thread: 0x00007f7f4b811800
[0x00007f7f4b604250] Threads_lock - owner thread: 0x00007f7f4b811800

Heap:
 PSYoungGen      total 335360K, used 64058K [0x000000076ab00000, 0x0000000780d00000, 0x00000007c0000000)
  eden space 327168K, 17% used [0x000000076ab00000,0x000000076e3ea220,0x000000077ea80000)
  from space 8192K, 70% used [0x000000077f280000,0x000000077f824990,0x000000077fa80000)
  to   space 8192K, 0% used [0x000000077ea80000,0x000000077ea80000,0x000000077f280000)
 ParOldGen       total 104960K, used 7553K [0x00000006c0000000, 0x00000006c6680000, 0x000000076ab00000)
  object space 104960K, 7% used [0x00000006c0000000,0x00000006c0760490,0x00000006c6680000)
 Metaspace       used 32124K, capacity 34088K, committed 34176K, reserved 1079296K
  class space    used 3808K, capacity 4188K, committed 4224K, reserved 1048576K

Card table byte_map: [0x0000000109441000,0x0000000109c42000] byte_map_base: 0x0000000105e41000

Marking Bits: (ParMarkBitMap*) 0x00000001088f9e00
 Begin Bits: [0x000000010a198000, 0x000000010e198000)
 End Bits:   [0x000000010e198000, 0x0000000112198000)

Polling page: 0x0000000106fd0000

CodeCache: size=245760Kb used=18767Kb max_used=18767Kb free=226992Kb
 bounds [0x0000000116381000, 0x00000001175f1000, 0x0000000125381000]
 total_blobs=5772 nmethods=5275 adapters=418
 compilation: enabled

Compilation events (10 events):
Event: 17.573 Thread 0x00007f7f4e151000 5708       3       java.util.zip.ZipFile$ZipFileInflaterInputStream::available (41 bytes)
Event: 17.573 Thread 0x00007f7f4e87e800 5710       4       java.lang.CharacterDataLatin1::isJavaIdentifierPart (20 bytes)
Event: 17.573 Thread 0x00007f7f4e151000 nmethod 5708 0x000000011750b410 code [0x000000011750b5a0, 0x000000011750bac8]
Event: 17.573 Thread 0x00007f7f4e151000 5709       3       java.util.zip.ZipFile$ZipFileInputStream::size (5 bytes)
Event: 17.574 Thread 0x00007f7f4e87e800 nmethod 5710 0x0000000117508490 code [0x00000001175085e0, 0x0000000117508698]
Event: 17.574 Thread 0x00007f7f4e151000 nmethod 5709 0x0000000117508150 code [0x00000001175082a0, 0x00000001175083f0]
Event: 17.591 Thread 0x00007f7f4e151000 5711       1       java.net.URLClassLoader::access$200 (5 bytes)
Event: 17.591 Thread 0x00007f7f4e151000 nmethod 5711 0x000000011750b150 code [0x000000011750b2a0, 0x000000011750b390]
Event: 17.604 Thread 0x00007f7f4e151000 5712       3       java.util.ResourceBundle$CacheKey::getLoader (22 bytes)
Event: 17.604 Thread 0x00007f7f4e151000 nmethod 5712 0x000000011750ab90 code [0x000000011750ad00, 0x000000011750b050]

GC Heap History (10 events):
Event: 13.725 GC heap before
{Heap before GC invocations=10 (full 1):
 PSYoungGen      total 136704K, used 136503K [0x000000076ab00000, 0x0000000773c80000, 0x00000007c0000000)
  eden space 130560K, 100% used [0x000000076ab00000,0x0000000772a80000,0x0000000772a80000)
  from space 6144K, 96% used [0x0000000773680000,0x0000000773c4de80,0x0000000773c80000)
  to   space 9216K, 0% used [0x0000000772a80000,0x0000000772a80000,0x0000000773380000)
 ParOldGen       total 104960K, used 7489K [0x00000006c0000000, 0x00000006c6680000, 0x000000076ab00000)
  object space 104960K, 7% used [0x00000006c0000000,0x00000006c0750490,0x00000006c6680000)
 Metaspace       used 30736K, capacity 32314K, committed 32384K, reserved 1077248K
  class space    used 3637K, capacity 3955K, committed 3968K, reserved 1048576K
Event: 13.730 GC heap after
Heap after GC invocations=10 (full 1):
 PSYoungGen      total 139776K, used 5236K [0x000000076ab00000, 0x0000000775b00000, 0x00000007c0000000)
  eden space 130560K, 0% used [0x000000076ab00000,0x000000076ab00000,0x0000000772a80000)
  from space 9216K, 56% used [0x0000000772a80000,0x0000000772f9d220,0x0000000773380000)
  to   space 9216K, 0% used [0x0000000775200000,0x0000000775200000,0x0000000775b00000)
 ParOldGen       total 104960K, used 7497K [0x00000006c0000000, 0x00000006c6680000, 0x000000076ab00000)
  object space 104960K, 7% used [0x00000006c0000000,0x00000006c0752490,0x00000006c6680000)
 Metaspace       used 30736K, capacity 32314K, committed 32384K, reserved 1077248K
  class space    used 3637K, capacity 3955K, committed 3968K, reserved 1048576K
}
Event: 14.463 GC heap before
{Heap before GC invocations=11 (full 1):
 PSYoungGen      total 139776K, used 135796K [0x000000076ab00000, 0x0000000775b00000, 0x00000007c0000000)
  eden space 130560K, 100% used [0x000000076ab00000,0x0000000772a80000,0x0000000772a80000)
  from space 9216K, 56% used [0x0000000772a80000,0x0000000772f9d220,0x0000000773380000)
  to   space 9216K, 0% used [0x0000000775200000,0x0000000775200000,0x0000000775b00000)
 ParOldGen       total 104960K, used 7497K [0x00000006c0000000, 0x00000006c6680000, 0x000000076ab00000)
  object space 104960K, 7% used [0x00000006c0000000,0x00000006c0752490,0x00000006c6680000)
 Metaspace       used 30840K, capacity 32496K, committed 32640K, reserved 1077248K
  class space    used 3642K, capacity 3964K, committed 3968K, reserved 1048576K
Event: 14.467 GC heap after
Heap after GC invocations=11 (full 1):
 PSYoungGen      total 171008K, used 5424K [0x000000076ab00000, 0x0000000775b00000, 0x00000007c0000000)
  eden space 161792K, 0% used [0x000000076ab00000,0x000000076ab00000,0x0000000774900000)
  from space 9216K, 58% used [0x0000000775200000,0x000000077574c0a0,0x0000000775b00000)
  to   space 9216K, 0% used [0x0000000774900000,0x0000000774900000,0x0000000775200000)
 ParOldGen       total 104960K, used 7505K [0x00000006c0000000, 0x00000006c6680000, 0x000000076ab00000)
  object space 104960K, 7% used [0x00000006c0000000,0x00000006c0754490,0x00000006c6680000)
 Metaspace       used 30840K, capacity 32496K, committed 32640K, reserved 1077248K
  class space    used 3642K, capacity 3964K, committed 3968K, reserved 1048576K
}
Event: 15.384 GC heap before
{Heap before GC invocations=12 (full 1):
 PSYoungGen      total 171008K, used 167216K [0x000000076ab00000, 0x0000000775b00000, 0x00000007c0000000)
  eden space 161792K, 100% used [0x000000076ab00000,0x0000000774900000,0x0000000774900000)
  from space 9216K, 58% used [0x0000000775200000,0x000000077574c0a0,0x0000000775b00000)
  to   space 9216K, 0% used [0x0000000774900000,0x0000000774900000,0x0000000775200000)
 ParOldGen       total 104960K, used 7505K [0x00000006c0000000, 0x00000006c6680000, 0x000000076ab00000)
  object space 104960K, 7% used [0x00000006c0000000,0x00000006c0754490,0x00000006c6680000)
 Metaspace       used 30996K, capacity 32728K, committed 33024K, reserved 1079296K
  class space    used 3671K, capacity 3994K, committed 4096K, reserved 1048576K
Event: 15.388 GC heap after
Heap after GC invocations=12 (full 1):
 PSYoungGen      total 171008K, used 5375K [0x000000076ab00000, 0x0000000777e80000, 0x00000007c0000000)
  eden space 161792K, 0% used [0x000000076ab00000,0x000000076ab00000,0x0000000774900000)
  from space 9216K, 58% used [0x0000000774900000,0x0000000774e3fe70,0x0000000775200000)
  to   space 8704K, 0% used [0x0000000777600000,0x0000000777600000,0x0000000777e80000)
 ParOldGen       total 104960K, used 7513K [0x00000006c0000000, 0x00000006c6680000, 0x000000076ab00000)
  object space 104960K, 7% used [0x00000006c0000000,0x00000006c0756490,0x00000006c6680000)
 Metaspace       used 30996K, capacity 32728K, committed 33024K, reserved 1079296K
  class space    used 3671K, capacity 3994K, committed 4096K, reserved 1048576K
}
Event: 16.030 GC heap before
{Heap before GC invocations=13 (full 1):
 PSYoungGen      total 171008K, used 167167K [0x000000076ab00000, 0x0000000777e80000, 0x00000007c0000000)
  eden space 161792K, 100% used [0x000000076ab00000,0x0000000774900000,0x0000000774900000)
  from space 9216K, 58% used [0x0000000774900000,0x0000000774e3fe70,0x0000000775200000)
  to   space 8704K, 0% used [0x0000000777600000,0x0000000777600000,0x0000000777e80000)
 ParOldGen       total 104960K, used 7513K [0x00000006c0000000, 0x00000006c6680000, 0x000000076ab00000)
  object space 104960K, 7% used [0x00000006c0000000,0x00000006c0756490,0x00000006c6680000)
 Metaspace       used 31480K, capacity 33350K, committed 33536K, reserved 1079296K
  class space    used 3740K, capacity 4089K, committed 4096K, reserved 1048576K
Event: 16.035 GC heap after
Heap after GC invocations=13 (full 1):
 PSYoungGen      total 207872K, used 5565K [0x000000076ab00000, 0x0000000778080000, 0x00000007c0000000)
  eden space 199168K, 0% used [0x000000076ab00000,0x000000076ab00000,0x0000000776d80000)
  from space 8704K, 63% used [0x0000000777600000,0x0000000777b6f4f0,0x0000000777e80000)
  to   space 8704K, 0% used [0x0000000776d80000,0x0000000776d80000,0x0000000777600000)
 ParOldGen       total 104960K, used 7521K [0x00000006c0000000, 0x00000006c6680000, 0x000000076ab00000)
  object space 104960K, 7% used [0x00000006c0000000,0x00000006c0758490,0x00000006c6680000)
 Metaspace       used 31480K, capacity 33350K, committed 33536K, reserved 1079296K
  class space    used 3740K, capacity 4089K, committed 4096K, reserved 1048576K
}
Event: 17.338 GC heap before
{Heap before GC invocations=14 (full 1):
 PSYoungGen      total 207872K, used 204733K [0x000000076ab00000, 0x0000000778080000, 0x00000007c0000000)
  eden space 199168K, 100% used [0x000000076ab00000,0x0000000776d80000,0x0000000776d80000)
  from space 8704K, 63% used [0x0000000777600000,0x0000000777b6f4f0,0x0000000777e80000)
  to   space 8704K, 0% used [0x0000000776d80000,0x0000000776d80000,0x0000000777600000)
 ParOldGen       total 104960K, used 7521K [0x00000006c0000000, 0x00000006c6680000, 0x000000076ab00000)
  object space 104960K, 7% used [0x00000006c0000000,0x00000006c0758490,0x00000006c6680000)
 Metaspace       used 31637K, capacity 33576K, committed 33664K, reserved 1079296K
  class space    used 3760K, capacity 4142K, committed 4224K, reserved 1048576K
Event: 17.342 GC heap after
Heap after GC invocations=14 (full 1):
 PSYoungGen      total 207872K, used 5777K [0x000000076ab00000, 0x000000077aa80000, 0x00000007c0000000)
  eden space 199168K, 0% used [0x000000076ab00000,0x000000076ab00000,0x0000000776d80000)
  from space 8704K, 66% used [0x0000000776d80000,0x0000000777324520,0x0000000777600000)
  to   space 8704K, 0% used [0x000000077a200000,0x000000077a200000,0x000000077aa80000)
 ParOldGen       total 104960K, used 7529K [0x00000006c0000000, 0x00000006c6680000, 0x000000076ab00000)
  object space 104960K, 7% used [0x00000006c0000000,0x00000006c075a490,0x00000006c6680000)
 Metaspace       used 31637K, capacity 33576K, committed 33664K, reserved 1079296K
  class space    used 3760K, capacity 4142K, committed 4224K, reserved 1048576K
}

Deoptimization events (10 events):
Event: 17.352 Thread 0x00007f7f4e009800 Uncommon trap: reason=unhandled action=none pc=0x00000001168985d4 method=org.sqlite.core.CoreStatement.internalClose()V @ 19
Event: 17.352 Thread 0x00007f7f4e009800 Uncommon trap: reason=unhandled action=none pc=0x00000001168985d4 method=org.sqlite.core.CoreStatement.internalClose()V @ 19
Event: 17.352 Thread 0x00007f7f4e009800 Uncommon trap: reason=unhandled action=none pc=0x00000001168985d4 method=org.sqlite.core.CoreStatement.internalClose()V @ 19
Event: 17.352 Thread 0x00007f7f4e009800 Uncommon trap: reason=unhandled action=none pc=0x00000001168985d4 method=org.sqlite.core.CoreStatement.internalClose()V @ 19
Event: 17.352 Thread 0x00007f7f4e009800 Uncommon trap: reason=unhandled action=none pc=0x00000001168985d4 method=org.sqlite.core.CoreStatement.internalClose()V @ 19
Event: 17.352 Thread 0x00007f7f4e009800 Uncommon trap: reason=unhandled action=none pc=0x00000001168985d4 method=org.sqlite.core.CoreStatement.internalClose()V @ 19
Event: 17.352 Thread 0x00007f7f4e009800 Uncommon trap: reason=unhandled action=none pc=0x00000001168985d4 method=org.sqlite.core.CoreStatement.internalClose()V @ 19
Event: 17.352 Thread 0x00007f7f4e009800 Uncommon trap: reason=unhandled action=none pc=0x00000001168985d4 method=org.sqlite.core.CoreStatement.internalClose()V @ 19
Event: 17.353 Thread 0x00007f7f4e009800 Uncommon trap: reason=unhandled action=none pc=0x00000001168985d4 method=org.sqlite.core.CoreStatement.internalClose()V @ 19
Event: 17.357 Thread 0x00007f7f4d805000 Uncommon trap: reason=unstable_if action=reinterpret pc=0x000000011678c2c8 method=java.lang.Class.searchMethods([Ljava/lang/reflect/Method;Ljava/lang/String;[Ljava/lang/Class;)Ljava/lang/reflect/Method; @ 47

Classes redefined (0 events):
No events

Internal exceptions (10 events):
Event: 15.826 Thread 0x00007f7f4d805000 Exception <a 'sun/nio/fs/UnixException'> (0x00000007722831c0) thrown at [/Users/java_re/workspace/8-2-build-macosx-x86_64/jdk8u191/11896/hotspot/src/share/vm/prims/jni.cpp, line 709]
Event: 15.826 Thread 0x00007f7f4d805000 Exception <a 'sun/nio/fs/UnixException'> (0x0000000772283930) thrown at [/Users/java_re/workspace/8-2-build-macosx-x86_64/jdk8u191/11896/hotspot/src/share/vm/prims/jni.cpp, line 709]
Event: 15.836 Thread 0x00007f7f4d805000 Exception <a 'sun/nio/fs/UnixException'> (0x0000000772291808) thrown at [/Users/java_re/workspace/8-2-build-macosx-x86_64/jdk8u191/11896/hotspot/src/share/vm/prims/jni.cpp, line 709]
Event: 15.836 Thread 0x00007f7f4d805000 Exception <a 'sun/nio/fs/UnixException'> (0x0000000772292160) thrown at [/Users/java_re/workspace/8-2-build-macosx-x86_64/jdk8u191/11896/hotspot/src/share/vm/prims/jni.cpp, line 709]
Event: 15.836 Thread 0x00007f7f4d805000 Exception <a 'sun/nio/fs/UnixException'> (0x0000000772292ab8) thrown at [/Users/java_re/workspace/8-2-build-macosx-x86_64/jdk8u191/11896/hotspot/src/share/vm/prims/jni.cpp, line 709]
Event: 16.521 Thread 0x00007f7f4d805000 Exception <a 'java/lang/reflect/InvocationTargetException'> (0x0000000771ab15b8) thrown at [/Users/java_re/workspace/8-2-build-macosx-x86_64/jdk8u191/11896/hotspot/src/share/vm/runtime/reflection.cpp, line 1092]
Event: 17.143 Thread 0x00007f7f4d805000 Exception <a 'sun/nio/fs/UnixException'> (0x00000007767f4378) thrown at [/Users/java_re/workspace/8-2-build-macosx-x86_64/jdk8u191/11896/hotspot/src/share/vm/prims/jni.cpp, line 709]
Event: 17.144 Thread 0x00007f7f4d805000 Exception <a 'sun/nio/fs/UnixException'> (0x00000007767f4cd0) thrown at [/Users/java_re/workspace/8-2-build-macosx-x86_64/jdk8u191/11896/hotspot/src/share/vm/prims/jni.cpp, line 709]
Event: 17.375 Thread 0x00007f7f4d805000 Exception <a 'sun/nio/fs/UnixException'> (0x000000076f20f3d0) thrown at [/Users/java_re/workspace/8-2-build-macosx-x86_64/jdk8u191/11896/hotspot/src/share/vm/prims/jni.cpp, line 709]
Event: 17.375 Thread 0x00007f7f4d805000 Exception <a 'sun/nio/fs/UnixException'> (0x000000076f20fd28) thrown at [/Users/java_re/workspace/8-2-build-macosx-x86_64/jdk8u191/11896/hotspot/src/share/vm/prims/jni.cpp, line 709]

Events (10 events):
Event: 17.371 loading class org/projectbarbel/histo/BarbelHisto done
Event: 17.371 loading class org/projectbarbel/histo/BarbelHisto
Event: 17.371 loading class org/projectbarbel/histo/BarbelHisto done
Event: 17.372 Thread 0x00007f7f4d805000 DEOPT PACKING pc=0x0000000116ef24d4 sp=0x0000700001c5d170
Event: 17.372 Thread 0x00007f7f4d805000 DEOPT UNPACKING pc=0x00000001163c8784 sp=0x0000700001c5cf90 mode 1
Event: 17.375 Thread 0x00007f7f4d805000 DEOPT PACKING pc=0x00000001165faf24 sp=0x0000700001c5d090
Event: 17.375 Thread 0x00007f7f4d805000 DEOPT UNPACKING pc=0x00000001163c8784 sp=0x0000700001c5cdc8 mode 1
Event: 17.375 Thread 0x00007f7f4d805000 DEOPT PACKING pc=0x00000001165faf24 sp=0x0000700001c5d090
Event: 17.375 Thread 0x00007f7f4d805000 DEOPT UNPACKING pc=0x00000001163c8784 sp=0x0000700001c5cdc8 mode 1
Event: 17.572 Thread 0x00007f7f4f138800 Thread added: 0x00007f7f4f138800


Dynamic libraries:
0x00007fff2d27a000 	/System/Library/Frameworks/Cocoa.framework/Versions/A/Cocoa
0x00007fff39539000 	/System/Library/Frameworks/Security.framework/Versions/A/Security
0x00007fff2be81000 	/System/Library/Frameworks/ApplicationServices.framework/Versions/A/ApplicationServices
0x00007fff5ab24000 	/usr/lib/libz.1.dylib
0x00007fff58199000 	/usr/lib/libSystem.B.dylib
0x00007fff59c41000 	/usr/lib/libobjc.A.dylib
0x00007fff2da9d000 	/System/Library/Frameworks/CoreFoundation.framework/Versions/A/CoreFoundation
0x00007fff2fe22000 	/System/Library/Frameworks/Foundation.framework/Versions/C/Foundation
0x00007fff2b00e000 	/System/Library/Frameworks/AppKit.framework/Versions/C/AppKit
0x00007fff2d611000 	/System/Library/Frameworks/CoreData.framework/Versions/A/CoreData
0x00007fff51367000 	/System/Library/PrivateFrameworks/RemoteViewServices.framework/Versions/A/RemoteViewServices
0x00007fff55e67000 	/System/Library/PrivateFrameworks/UIFoundation.framework/Versions/A/UIFoundation
0x00007fff5761f000 	/System/Library/PrivateFrameworks/XCTTargetBootstrap.framework/Versions/A/XCTTargetBootstrap
0x00007fff4be6e000 	/System/Library/PrivateFrameworks/IconServices.framework/Versions/A/IconServices
0x00007fff326ec000 	/System/Library/Frameworks/Metal.framework/Versions/A/Metal
0x00007fff43070000 	/System/Library/PrivateFrameworks/DesktopServicesPriv.framework/Versions/A/DesktopServicesPriv
0x00007fff58f54000 	/usr/lib/libenergytrace.dylib
0x00007fff53bd8000 	/System/Library/PrivateFrameworks/SkyLight.framework/Versions/A/SkyLight
0x00007fff2deec000 	/System/Library/Frameworks/CoreGraphics.framework/Versions/A/CoreGraphics
0x00007fff29dc9000 	/System/Library/Frameworks/Accelerate.framework/Versions/A/Accelerate
0x00007fff305ac000 	/System/Library/Frameworks/IOSurface.framework/Versions/A/IOSurface
0x00007fff42ed2000 	/System/Library/PrivateFrameworks/DFRFoundation.framework/Versions/A/DFRFoundation
0x00007fff2c386000 	/System/Library/Frameworks/AudioToolbox.framework/Versions/A/AudioToolbox
0x00007fff2c625000 	/System/Library/Frameworks/AudioUnit.framework/Versions/A/AudioUnit
0x00007fff42f69000 	/System/Library/PrivateFrameworks/DataDetectorsCore.framework/Versions/A/DataDetectorsCore
0x00007fff2cd64000 	/System/Library/Frameworks/Carbon.framework/Versions/A/Frameworks/HIToolbox.framework/Versions/A/HIToolbox
0x00007fff590af000 	/usr/lib/libicucore.A.dylib
0x00007fff38a8c000 	/System/Library/Frameworks/QuartzCore.framework/Versions/A/QuartzCore
0x00007fff2d14b000 	/System/Library/Frameworks/Carbon.framework/Versions/A/Frameworks/SpeechRecognition.framework/Versions/A/SpeechRecognition
0x00007fff582fc000 	/usr/lib/libauto.dylib
0x00007fff5aa17000 	/usr/lib/libxml2.2.dylib
0x00007fff42ad1000 	/System/Library/PrivateFrameworks/CoreUI.framework/Versions/A/CoreUI
0x00007fff2d4ef000 	/System/Library/Frameworks/CoreAudio.framework/Versions/A/CoreAudio
0x00007fff2fc54000 	/System/Library/Frameworks/DiskArbitration.framework/Versions/A/DiskArbitration
0x00007fff5935f000 	/usr/lib/liblangid.dylib
0x00007fff4d31e000 	/System/Library/PrivateFrameworks/MultitouchSupport.framework/Versions/A/MultitouchSupport
0x00007fff30517000 	/System/Library/Frameworks/IOKit.framework/Versions/A/IOKit
0x00007fff57de7000 	/usr/lib/libDiagnosticMessagesClient.dylib
0x00007fff2ed5a000 	/System/Library/Frameworks/CoreServices.framework/Versions/A/CoreServices
0x00007fff4f054000 	/System/Library/PrivateFrameworks/PerformanceAnalysis.framework/Versions/A/PerformanceAnalysis
0x00007fff37c21000 	/System/Library/Frameworks/OpenGL.framework/Versions/A/OpenGL
0x00007fff2d288000 	/System/Library/Frameworks/ColorSync.framework/Versions/A/ColorSync
0x00007fff2e57b000 	/System/Library/Frameworks/CoreImage.framework/Versions/A/CoreImage
0x00007fff2f79d000 	/System/Library/Frameworks/CoreText.framework/Versions/A/CoreText
0x00007fff3060d000 	/System/Library/Frameworks/ImageIO.framework/Versions/A/ImageIO
0x00007fff3f10c000 	/System/Library/PrivateFrameworks/Backup.framework/Versions/A/Backup
0x00007fff5824f000 	/usr/lib/libarchive.2.dylib
0x00007fff2c989000 	/System/Library/Frameworks/CFNetwork.framework/Versions/A/CFNetwork
0x00007fff39ce4000 	/System/Library/Frameworks/SystemConfiguration.framework/Versions/A/SystemConfiguration
0x00007fff57d10000 	/usr/lib/libCRFSuite.dylib
0x00007fff583f3000 	/usr/lib/libc++.1.dylib
0x00007fff5844b000 	/usr/lib/libc++abi.dylib
0x00007fff5aba7000 	/usr/lib/system/libcache.dylib
0x00007fff5abac000 	/usr/lib/system/libcommonCrypto.dylib
0x00007fff5abb7000 	/usr/lib/system/libcompiler_rt.dylib
0x00007fff5abbf000 	/usr/lib/system/libcopyfile.dylib
0x00007fff5abc9000 	/usr/lib/system/libcorecrypto.dylib
0x00007fff5acd4000 	/usr/lib/system/libdispatch.dylib
0x00007fff5ad0f000 	/usr/lib/system/libdyld.dylib
0x00007fff5ad3f000 	/usr/lib/system/libkeymgr.dylib
0x00007fff5ad4d000 	/usr/lib/system/liblaunch.dylib
0x00007fff5ad4e000 	/usr/lib/system/libmacho.dylib
0x00007fff5ad54000 	/usr/lib/system/libquarantine.dylib
0x00007fff5ad57000 	/usr/lib/system/libremovefile.dylib
0x00007fff5ad59000 	/usr/lib/system/libsystem_asl.dylib
0x00007fff5ad71000 	/usr/lib/system/libsystem_blocks.dylib
0x00007fff5ad72000 	/usr/lib/system/libsystem_c.dylib
0x00007fff5adfb000 	/usr/lib/system/libsystem_configuration.dylib
0x00007fff5adff000 	/usr/lib/system/libsystem_coreservices.dylib
0x00007fff5ae03000 	/usr/lib/system/libsystem_darwin.dylib
0x00007fff5ae0a000 	/usr/lib/system/libsystem_dnssd.dylib
0x00007fff5ae11000 	/usr/lib/system/libsystem_info.dylib
0x00007fff5ae87000 	/usr/lib/system/libsystem_m.dylib
0x00007fff5aed3000 	/usr/lib/system/libsystem_malloc.dylib
0x00007fff5aef8000 	/usr/lib/system/libsystem_networkextension.dylib
0x00007fff5af04000 	/usr/lib/system/libsystem_notify.dylib
0x00007fff5af21000 	/usr/lib/system/libsystem_sandbox.dylib
0x00007fff5af25000 	/usr/lib/system/libsystem_secinit.dylib
0x00007fff5ae5e000 	/usr/lib/system/libsystem_kernel.dylib
0x00007fff5af0c000 	/usr/lib/system/libsystem_platform.dylib
0x00007fff5af16000 	/usr/lib/system/libsystem_pthread.dylib
0x00007fff5af28000 	/usr/lib/system/libsystem_symptoms.dylib
0x00007fff5af30000 	/usr/lib/system/libsystem_trace.dylib
0x00007fff5af47000 	/usr/lib/system/libunwind.dylib
0x00007fff5af4d000 	/usr/lib/system/libxpc.dylib
0x00007fff583d3000 	/usr/lib/libbsm.0.dylib
0x00007fff5ad40000 	/usr/lib/system/libkxld.dylib
0x00007fff3e3b9000 	/System/Library/PrivateFrameworks/AppleFSCompression.framework/Versions/A/AppleFSCompression
0x00007fff58058000 	/usr/lib/libOpenScriptingUtil.dylib
0x00007fff58736000 	/usr/lib/libcoretls.dylib
0x00007fff5874d000 	/usr/lib/libcoretls_cfhelpers.dylib
0x00007fff5a3da000 	/usr/lib/libpam.2.dylib
0x00007fff5a59d000 	/usr/lib/libsqlite3.dylib
0x00007fff5aa05000 	/usr/lib/libxar.1.dylib
0x00007fff583e4000 	/usr/lib/libbz2.1.0.dylib
0x00007fff59361000 	/usr/lib/liblzma.5.dylib
0x00007fff59857000 	/usr/lib/libnetwork.dylib
0x00007fff58238000 	/usr/lib/libapple_nghttp2.dylib
0x00007fff5a3e1000 	/usr/lib/libpcap.A.dylib
0x00007fff2f0fe000 	/System/Library/Frameworks/CoreServices.framework/Versions/A/Frameworks/FSEvents.framework/Versions/A/FSEvents
0x00007fff2edda000 	/System/Library/Frameworks/CoreServices.framework/Versions/A/Frameworks/CarbonCore.framework/Versions/A/CarbonCore
0x00007fff2f2d3000 	/System/Library/Frameworks/CoreServices.framework/Versions/A/Frameworks/Metadata.framework/Versions/A/Metadata
0x00007fff2f376000 	/System/Library/Frameworks/CoreServices.framework/Versions/A/Frameworks/OSServices.framework/Versions/A/OSServices
0x00007fff2f3c2000 	/System/Library/Frameworks/CoreServices.framework/Versions/A/Frameworks/SearchKit.framework/Versions/A/SearchKit
0x00007fff2ed5b000 	/System/Library/Frameworks/CoreServices.framework/Versions/A/Frameworks/AE.framework/Versions/A/AE
0x00007fff2f107000 	/System/Library/Frameworks/CoreServices.framework/Versions/A/Frameworks/LaunchServices.framework/Versions/A/LaunchServices
0x00007fff2f0b3000 	/System/Library/Frameworks/CoreServices.framework/Versions/A/Frameworks/DictionaryServices.framework/Versions/A/DictionaryServices
0x00007fff2f431000 	/System/Library/Frameworks/CoreServices.framework/Versions/A/Frameworks/SharedFileList.framework/Versions/A/SharedFileList
0x00007fff33bb2000 	/System/Library/Frameworks/NetFS.framework/Versions/A/NetFS
0x00007fff4d5bb000 	/System/Library/PrivateFrameworks/NetAuth.framework/Versions/A/NetAuth
0x00007fff57a53000 	/System/Library/PrivateFrameworks/login.framework/Versions/A/Frameworks/loginsupport.framework/Versions/A/loginsupport
0x00007fff55a5f000 	/System/Library/PrivateFrameworks/TCC.framework/Versions/A/TCC
0x00007fff420d9000 	/System/Library/PrivateFrameworks/CoreNLP.framework/Versions/A/CoreNLP
0x00007fff4d00f000 	/System/Library/PrivateFrameworks/MetadataUtilities.framework/Versions/A/MetadataUtilities
0x00007fff59442000 	/usr/lib/libmecabra.dylib
0x00007fff2be82000 	/System/Library/Frameworks/ApplicationServices.framework/Versions/A/Frameworks/ATS.framework/Versions/A/ATS
0x00007fff2c1ed000 	/System/Library/Frameworks/ApplicationServices.framework/Versions/A/Frameworks/ColorSyncLegacy.framework/Versions/A/ColorSyncLegacy
0x00007fff2c28e000 	/System/Library/Frameworks/ApplicationServices.framework/Versions/A/Frameworks/HIServices.framework/Versions/A/HIServices
0x00007fff2c2e1000 	/System/Library/Frameworks/ApplicationServices.framework/Versions/A/Frameworks/LangAnalysis.framework/Versions/A/LangAnalysis
0x00007fff2c2f0000 	/System/Library/Frameworks/ApplicationServices.framework/Versions/A/Frameworks/PrintCore.framework/Versions/A/PrintCore
0x00007fff2c33d000 	/System/Library/Frameworks/ApplicationServices.framework/Versions/A/Frameworks/QD.framework/Versions/A/QD
0x00007fff2c379000 	/System/Library/Frameworks/ApplicationServices.framework/Versions/A/Frameworks/SpeechSynthesis.framework/Versions/A/SpeechSynthesis
0x00007fff58473000 	/usr/lib/libcompression.dylib
0x00007fff2d9b3000 	/System/Library/Frameworks/CoreDisplay.framework/Versions/A/CoreDisplay
0x00007fff329b4000 	/System/Library/Frameworks/MetalPerformanceShaders.framework/Versions/A/MetalPerformanceShaders
0x00007fff29de1000 	/System/Library/Frameworks/Accelerate.framework/Versions/A/Frameworks/vImage.framework/Versions/A/vImage
0x00007fff2ae5d000 	/System/Library/Frameworks/Accelerate.framework/Versions/A/Frameworks/vecLib.framework/Versions/A/vecLib
0x00007fff2ada7000 	/System/Library/Frameworks/Accelerate.framework/Versions/A/Frameworks/vecLib.framework/Versions/A/libvMisc.dylib
0x00007fff2abc2000 	/System/Library/Frameworks/Accelerate.framework/Versions/A/Frameworks/vecLib.framework/Versions/A/libvDSP.dylib
0x00007fff2a482000 	/System/Library/Frameworks/Accelerate.framework/Versions/A/Frameworks/vecLib.framework/Versions/A/libBLAS.dylib
0x00007fff2a76d000 	/System/Library/Frameworks/Accelerate.framework/Versions/A/Frameworks/vecLib.framework/Versions/A/libLAPACK.dylib
0x00007fff2ab14000 	/System/Library/Frameworks/Accelerate.framework/Versions/A/Frameworks/vecLib.framework/Versions/A/libLinearAlgebra.dylib
0x00007fff2abae000 	/System/Library/Frameworks/Accelerate.framework/Versions/A/Frameworks/vecLib.framework/Versions/A/libSparseBLAS.dylib
0x00007fff2ab2a000 	/System/Library/Frameworks/Accelerate.framework/Versions/A/Frameworks/vecLib.framework/Versions/A/libQuadrature.dylib
0x00007fff2a6fa000 	/System/Library/Frameworks/Accelerate.framework/Versions/A/Frameworks/vecLib.framework/Versions/A/libBNNS.dylib
0x00007fff2ab30000 	/System/Library/Frameworks/Accelerate.framework/Versions/A/Frameworks/vecLib.framework/Versions/A/libSparse.dylib
0x00007fff49600000 	/System/Library/PrivateFrameworks/GPUWrangler.framework/Versions/A/GPUWrangler
0x00007fff4ba35000 	/System/Library/PrivateFrameworks/IOAccelerator.framework/Versions/A/IOAccelerator
0x00007fff4ba40000 	/System/Library/PrivateFrameworks/IOPresentment.framework/Versions/A/IOPresentment
0x00007fff42ee2000 	/System/Library/PrivateFrameworks/DSExternalDisplay.framework/Versions/A/DSExternalDisplay
0x00007fff37066000 	/System/Library/Frameworks/OpenGL.framework/Versions/A/Libraries/libCoreFSCache.dylib
0x00007fff3279c000 	/System/Library/Frameworks/MetalPerformanceShaders.framework/Frameworks/MPSCore.framework/Versions/A/MPSCore
0x00007fff327bd000 	/System/Library/Frameworks/MetalPerformanceShaders.framework/Frameworks/MPSImage.framework/Versions/A/MPSImage
0x00007fff32865000 	/System/Library/Frameworks/MetalPerformanceShaders.framework/Frameworks/MPSNeuralNetwork.framework/Versions/A/MPSNeuralNetwork
0x00007fff3283c000 	/System/Library/Frameworks/MetalPerformanceShaders.framework/Frameworks/MPSMatrix.framework/Versions/A/MPSMatrix
0x00007fff32998000 	/System/Library/Frameworks/MetalPerformanceShaders.framework/Frameworks/MPSRayIntersector.framework/Versions/A/MPSRayIntersector
0x00007fff4d038000 	/System/Library/PrivateFrameworks/MetalTools.framework/Versions/A/MetalTools
0x00007fff3dab3000 	/System/Library/PrivateFrameworks/AggregateDictionary.framework/Versions/A/AggregateDictionary
0x00007fff58038000 	/usr/lib/libMobileGestalt.dylib
0x00007fff2f903000 	/System/Library/Frameworks/CoreVideo.framework/Versions/A/CoreVideo
0x00007fff4a470000 	/System/Library/PrivateFrameworks/GraphVisualizer.framework/Versions/A/GraphVisualizer
0x00007fff4420b000 	/System/Library/PrivateFrameworks/FaceCore.framework/Versions/A/FaceCore
0x00007fff3667e000 	/System/Library/Frameworks/OpenCL.framework/Versions/A/OpenCL
0x00007fff57e1f000 	/usr/lib/libFosl_dynamic.dylib
0x00007fff4de93000 	/System/Library/PrivateFrameworks/OTSVG.framework/Versions/A/OTSVG
0x00007fff2bf86000 	/System/Library/Frameworks/ApplicationServices.framework/Versions/A/Frameworks/ATS.framework/Versions/A/Resources/libFontParser.dylib
0x00007fff2c0a6000 	/System/Library/Frameworks/ApplicationServices.framework/Versions/A/Frameworks/ATS.framework/Versions/A/Resources/libFontRegistry.dylib
0x00007fff30897000 	/System/Library/Frameworks/ImageIO.framework/Versions/A/Resources/libJPEG.dylib
0x00007fff30bb9000 	/System/Library/Frameworks/ImageIO.framework/Versions/A/Resources/libTIFF.dylib
0x00007fff30b8f000 	/System/Library/Frameworks/ImageIO.framework/Versions/A/Resources/libPng.dylib
0x00007fff307ac000 	/System/Library/Frameworks/ImageIO.framework/Versions/A/Resources/libGIF.dylib
0x00007fff307b1000 	/System/Library/Frameworks/ImageIO.framework/Versions/A/Resources/libJP2.dylib
0x00007fff30bb6000 	/System/Library/Frameworks/ImageIO.framework/Versions/A/Resources/libRadiance.dylib
0x00007fff3e512000 	/System/Library/PrivateFrameworks/AppleJPEG.framework/Versions/A/AppleJPEG
0x00007fff37071000 	/System/Library/Frameworks/OpenGL.framework/Versions/A/Libraries/libGFXShared.dylib
0x00007fff37234000 	/System/Library/Frameworks/OpenGL.framework/Versions/A/Libraries/libGLU.dylib
0x00007fff3707a000 	/System/Library/Frameworks/OpenGL.framework/Versions/A/Libraries/libGL.dylib
0x00007fff37086000 	/System/Library/Frameworks/OpenGL.framework/Versions/A/Libraries/libGLImage.dylib
0x00007fff37063000 	/System/Library/Frameworks/OpenGL.framework/Versions/A/Libraries/libCVMSPluginSupport.dylib
0x00007fff3706c000 	/System/Library/Frameworks/OpenGL.framework/Versions/A/Libraries/libCoreVMClient.dylib
0x00007fff58dc5000 	/usr/lib/libcups.2.dylib
0x00007fff31cb1000 	/System/Library/Frameworks/Kerberos.framework/Versions/A/Kerberos
0x00007fff30261000 	/System/Library/Frameworks/GSS.framework/Versions/A/GSS
0x00007fff5a531000 	/usr/lib/libresolv.9.dylib
0x00007fff58fbd000 	/usr/lib/libiconv.2.dylib
0x00007fff4a5d0000 	/System/Library/PrivateFrameworks/Heimdal.framework/Versions/A/Heimdal
0x00007fff58f8c000 	/usr/lib/libheimdal-asn1.dylib
0x00007fff366f4000 	/System/Library/Frameworks/OpenDirectory.framework/Versions/A/OpenDirectory
0x00007fff40dd5000 	/System/Library/PrivateFrameworks/CommonAuth.framework/Versions/A/CommonAuth
0x00007fff366d7000 	/System/Library/Frameworks/OpenDirectory.framework/Versions/A/Frameworks/CFOpenDirectory.framework/Versions/A/CFOpenDirectory
0x00007fff39862000 	/System/Library/Frameworks/SecurityFoundation.framework/Versions/A/SecurityFoundation
0x00007fff3cfc2000 	/System/Library/PrivateFrameworks/APFS.framework/Versions/A/APFS
0x00007fff5aa01000 	/usr/lib/libutil.dylib
0x00007fff58461000 	/usr/lib/libcharset.1.dylib
0x00007fff3e7ae000 	/System/Library/PrivateFrameworks/AppleSauce.framework/Versions/A/AppleSauce
0x00007fff3e93c000 	/System/Library/PrivateFrameworks/AssertionServices.framework/Versions/A/AssertionServices
0x00007fff3f1af000 	/System/Library/PrivateFrameworks/BaseBoard.framework/Versions/A/BaseBoard
0x00007fff59391000 	/usr/lib/libmecab.1.0.0.dylib
0x00007fff58f86000 	/usr/lib/libgermantok.dylib
0x00007fff58224000 	/usr/lib/libThaiTokenizer.dylib
0x00007fff57d4b000 	/usr/lib/libChineseTokenizer.dylib
0x00007fff4c16c000 	/System/Library/PrivateFrameworks/LanguageModeling.framework/Versions/A/LanguageModeling
0x00007fff41aef000 	/System/Library/PrivateFrameworks/CoreEmoji.framework/Versions/A/CoreEmoji
0x00007fff4c264000 	/System/Library/PrivateFrameworks/Lexicon.framework/Versions/A/Lexicon
0x00007fff4c2ac000 	/System/Library/PrivateFrameworks/LinguisticData.framework/Versions/A/LinguisticData
0x00007fff58462000 	/usr/lib/libcmph.dylib
0x00007fff39923000 	/System/Library/Frameworks/ServiceManagement.framework/Versions/A/ServiceManagement
0x00007fff3f102000 	/System/Library/PrivateFrameworks/BackgroundTaskManagement.framework/Versions/A/BackgroundTaskManagement
0x00007fff5aafb000 	/usr/lib/libxslt.1.dylib
0x00007fff2d076000 	/System/Library/Frameworks/Carbon.framework/Versions/A/Frameworks/Ink.framework/Versions/A/Ink
0x00007fff55cdf000 	/System/Library/PrivateFrameworks/TextureIO.framework/Versions/A/TextureIO
0x00007fff58279000 	/usr/lib/libate.dylib
0x00007fff42e3e000 	/System/Library/PrivateFrameworks/CrashReporterSupport.framework/Versions/A/CrashReporterSupport
0x00007fff52d00000 	/System/Library/PrivateFrameworks/Sharing.framework/Versions/A/Sharing
0x00007fff3ec8e000 	/System/Library/PrivateFrameworks/AuthKit.framework/Versions/A/AuthKit
0x00007fff3e0b1000 	/System/Library/PrivateFrameworks/Apple80211.framework/Versions/A/Apple80211
0x00007fff42bfe000 	/System/Library/PrivateFrameworks/CoreUtils.framework/Versions/A/CoreUtils
0x00007fff2f941000 	/System/Library/Frameworks/CoreWLAN.framework/Versions/A/CoreWLAN
0x00007fff303ab000 	/System/Library/Frameworks/IOBluetooth.framework/Versions/A/IOBluetooth
0x00007fff51022000 	/System/Library/PrivateFrameworks/ProtocolBuffer.framework/Versions/A/ProtocolBuffer
0x00007fff4d275000 	/System/Library/PrivateFrameworks/MobileKeyBag.framework/Versions/A/MobileKeyBag
0x00007fff42416000 	/System/Library/PrivateFrameworks/CorePhoneNumbers.framework/Versions/A/CorePhoneNumbers
0x00007fff3e4c6000 	/System/Library/PrivateFrameworks/AppleIDAuthSupport.framework/Versions/A/AppleIDAuthSupport
0x00007fff4c13d000 	/System/Library/PrivateFrameworks/KeychainCircle.framework/Versions/A/KeychainCircle
0x00007fff511ef000 	/System/Library/PrivateFrameworks/ROCKit.framework/Versions/A/ROCKit
0x00007fff42dda000 	/System/Library/PrivateFrameworks/CoreWiFi.framework/Versions/A/CoreWiFi
0x00007fff2d5e5000 	/System/Library/Frameworks/CoreBluetooth.framework/Versions/A/CoreBluetooth
0x00007fff4302e000 	/System/Library/PrivateFrameworks/DebugSymbols.framework/Versions/A/DebugSymbols
0x00007fff429b3000 	/System/Library/PrivateFrameworks/CoreSymbolication.framework/Versions/A/CoreSymbolication
0x00007fff554c9000 	/System/Library/PrivateFrameworks/Symbolication.framework/Versions/A/Symbolication
0x00007fff5465b000 	/System/Library/PrivateFrameworks/SpeechRecognitionCore.framework/Versions/A/SpeechRecognitionCore
0x0000000108000000 	/Library/Java/JavaVirtualMachines/jdk1.8.0_191.jdk/Contents/Home/jre/lib/server/libjvm.dylib
0x00007fff5a8c5000 	/usr/lib/libstdc++.6.dylib
0x0000000106f8c000 	/Library/Java/JavaVirtualMachines/jdk1.8.0_191.jdk/Contents/Home/jre/lib/libverify.dylib
0x0000000106f9a000 	/Library/Java/JavaVirtualMachines/jdk1.8.0_191.jdk/Contents/Home/jre/lib/libjava.dylib
0x0000000108fb4000 	/Library/Java/JavaVirtualMachines/jdk1.8.0_191.jdk/Contents/Home/jre/lib/libjdwp.dylib
0x0000000106fd1000 	/Library/Java/JavaVirtualMachines/jdk1.8.0_191.jdk/Contents/Home/jre/lib/libnpt.dylib
0x0000000106fd5000 	/Library/Java/JavaVirtualMachines/jdk1.8.0_191.jdk/Contents/Home/jre/lib/libinstrument.dylib
0x0000000109078000 	/Library/Java/JavaVirtualMachines/jdk1.8.0_191.jdk/Contents/Home/jre/lib/libzip.dylib
0x000000011511a000 	/Library/Java/JavaVirtualMachines/jdk1.8.0_191.jdk/Contents/Home/jre/lib/libdt_socket.dylib
0x0000000115499000 	/Library/Java/JavaVirtualMachines/jdk1.8.0_191.jdk/Contents/Home/jre/lib/libnet.dylib
0x00000001156cd000 	/Library/Java/JavaVirtualMachines/jdk1.8.0_191.jdk/Contents/Home/jre/lib/libnio.dylib
0x00000001157e9000 	/Library/Java/JavaVirtualMachines/jdk1.8.0_191.jdk/Contents/Home/jre/lib/libsunec.dylib
0x0000000115cca000 	/private/var/folders/gx/xn2yq11d21b00hr5884ttm100000gn/T/sqlite-3.23.1-5becca84-1e41-43a6-aef6-f32d5df61323-libsqlitejdbc.jnilib

VM Arguments:
jvm_args: -agentlib:jdwp=transport=dt_socket,suspend=y,address=localhost:61384 -ea -javaagent:/Applications/STS.app/Contents/Eclipse/configuration/org.eclipse.osgi/299/0/.cp/lib/javaagent-shaded.jar -Dfile.encoding=UTF-8 
java_command: org.eclipse.jdt.internal.junit.runner.RemoteTestRunner -version 3 -port 61383 -testLoaderClass org.eclipse.jdt.internal.junit5.runner.JUnit5TestLoader -loaderpluginname org.eclipse.jdt.junit5.runtime -packageNameFile /var/folders/gx/xn2yq11d21b00hr5884ttm100000gn/T/packageNames7140728266064954839.txt
java_class_path (initial): /Users/niklasschlimm/workspaces/projectbarbel/barbelhisto-persistence-mongo/target/test-classes:/Users/niklasschlimm/workspaces/projectbarbel/barbelhisto-persistence-mongo/target/classes:/Users/niklasschlimm/.m2/repository/junit/junit/4.11/junit-4.11.jar:/Users/niklasschlimm/.m2/repository/org/hamcrest/hamcrest-core/1.3/hamcrest-core-1.3.jar:/Users/niklasschlimm/workspaces/projectbarbel/barbelhisto-core/target/classes:/Users/niklasschlimm/.m2/repository/com/google/code/gson/gson/2.8.5/gson-2.8.5.jar:/Users/niklasschlimm/.m2/repository/com/googlecode/cqengine/cqengine/3.0.0/cqengine-3.0.0.jar:/Users/niklasschlimm/.m2/repository/com/googlecode/concurrent-trees/concurrent-trees/2.6.1/concurrent-trees-2.6.1.jar:/Users/niklasschlimm/.m2/repository/org/javassist/javassist/3.22.0-GA/javassist-3.22.0-GA.jar:/Users/niklasschlimm/.m2/repository/org/xerial/sqlite-jdbc/3.23.1/sqlite-jdbc-3.23.1.jar:/Users/niklasschlimm/.m2/repository/com/esotericsoftware/kryo/5.0.0-RC1/kryo-5.0.0-RC1.jar:/Users/niklasschlimm/.m2/repository/com/esotericsoftware/reflectasm/1.11.7/reflectasm-1.11.7.jar:/Users/niklasschlimm/.m2/repository/com/esotericsoftware/minlog/1.3.0/minlog-1.3.0.jar:/Users/niklasschlimm/.m2/repository/de/javakaffee/kryo-serializers/0.42/kryo-serializers-0.42.jar:/Users/niklasschlimm/.m2/repository/org/antlr/antlr4-runtime/4.7.1/antlr4-runtime-4.7.1.jar:/Users/niklasschlimm/.m2/repository/net/jodah/typetools/0.5.0/typetools-0.5.0.jar:/Users/niklasschlimm/.m2/repository/cglib/cglib/3.2.10/cglib-3.2.10.jar:/Users/niklasschlimm/.m2/repository/org/ow2/asm/asm/7.0/asm-7.0.jar:/Users/niklasschlimm/.m2/repository/org/apache/ant/ant/1.10.3/ant-1.10.3.jar:/Users/niklasschlimm/.m2/repository/org/apache/ant/ant-launcher/1.10.3/ant-launcher-1.10.3.jar:/Users/niklasschlimm/.m2/repository/com/google/guava/guava/27.0-jre/guava-27.0-jre.jar:/Users/niklasschlimm/.m2/repository/com/google/guava/failureaccess/1.0/failureaccess-1.0.jar:/Users/niklasschlimm/.m2/reposit
Launcher Type: SUN_STANDARD

Environment Variables:
PATH=/usr/bin:/bin:/usr/sbin:/sbin
SHELL=/bin/bash

Signal Handlers:
SIGSEGV: [libjvm.dylib+0x5b5de9], sa_mask[0]=11111111011111110111111111111111, sa_flags=SA_ONSTACK|SA_RESTART|SA_SIGINFO
SIGBUS: [libjvm.dylib+0x5b5de9], sa_mask[0]=11111111011111110111111111111111, sa_flags=SA_RESTART|SA_SIGINFO
SIGFPE: [libjvm.dylib+0x48b6b0], sa_mask[0]=11111111011111110111111111111111, sa_flags=SA_RESTART|SA_SIGINFO
SIGPIPE: [libjvm.dylib+0x48b6b0], sa_mask[0]=11111111011111110111111111111111, sa_flags=SA_RESTART|SA_SIGINFO
SIGXFSZ: [libjvm.dylib+0x48b6b0], sa_mask[0]=11111111011111110111111111111111, sa_flags=SA_RESTART|SA_SIGINFO
SIGILL: [libjvm.dylib+0x48b6b0], sa_mask[0]=11111111011111110111111111111111, sa_flags=SA_RESTART|SA_SIGINFO
SIGUSR1: SIG_DFL, sa_mask[0]=00000000000000000000000000000000, sa_flags=none
SIGUSR2: [libjvm.dylib+0x48b1ce], sa_mask[0]=00100000000000000000000000000000, sa_flags=SA_RESTART|SA_SIGINFO
SIGHUP: [libjvm.dylib+0x489759], sa_mask[0]=11111111011111110111111111111111, sa_flags=SA_RESTART|SA_SIGINFO
SIGINT: [libjvm.dylib+0x489759], sa_mask[0]=11111111011111110111111111111111, sa_flags=SA_RESTART|SA_SIGINFO
SIGTERM: [libjvm.dylib+0x489759], sa_mask[0]=11111111011111110111111111111111, sa_flags=SA_RESTART|SA_SIGINFO
SIGQUIT: [libjvm.dylib+0x489759], sa_mask[0]=11111111011111110111111111111111, sa_flags=SA_RESTART|SA_SIGINFO


---------------  S Y S T E M  ---------------

OS:Bsduname:Darwin 18.2.0 Darwin Kernel Version 18.2.0: Thu Dec 20 20:46:53 PST 2018; root:xnu-4903.241.1~1/RELEASE_X86_64 x86_64
rlimit: STACK 8192k, CORE 0k, NPROC 1418, NOFILE 10240, AS infinity
load average:2.33 2.00 1.85

CPU:total 8 (initial active 8) (4 cores per cpu, 2 threads per core) family 6 model 142 stepping 10, cmov, cx8, fxsr, mmx, sse, sse2, sse3, ssse3, sse4.1, sse4.2, popcnt, avx, avx2, aes, clmul, erms, 3dnowpref, lzcnt, ht, tsc, tscinvbit, bmi1, bmi2, adx

Memory: 4k page, physical 16777216k(673556k free)

/proc/meminfo:


vm_info: Java HotSpot(TM) 64-Bit Server VM (25.191-b12) for bsd-amd64 JRE (1.8.0_191-b12), built on Oct  6 2018 08:37:07 by "java_re" with gcc 4.2.1 (Based on Apple Inc. build 5658) (LLVM build 2336.11.00)

time: Tue Mar  5 16:11:31 2019
elapsed time: 21 seconds (0d 0h 0m 21s)

